TN:
SF:node_modules/@openzeppelin/contracts/access/Ownable.sol
DA:38,6
FN:38,Ownable.constructor
FNDA:6,Ownable.constructor
DA:39,6
BRDA:39,0,0,-
DA:40,0
DA:42,6
DA:48,0
FN:48,Ownable.onlyOwner
FNDA:0,Ownable.onlyOwner
DA:49,0
DA:56,0
FN:56,Ownable.owner
FNDA:0,Ownable.owner
DA:57,4
DA:63,2
FN:63,Ownable._checkOwner
FNDA:2,Ownable._checkOwner
DA:64,2
BRDA:64,1,0,1
DA:65,1
DA:76,0
FN:76,Ownable.renounceOwnership
FNDA:0,Ownable.renounceOwnership
DA:77,0
DA:84,0
FN:84,Ownable.transferOwnership
FNDA:0,Ownable.transferOwnership
DA:85,0
BRDA:85,2,0,-
DA:86,0
DA:88,0
DA:95,6
FN:95,Ownable._transferOwnership
FNDA:6,Ownable._transferOwnership
DA:96,6
DA:97,6
DA:98,6
FNF:7
FNH:3
LF:21
LH:11
BRF:3
BRH:1
end_of_record
TN:
SF:node_modules/@openzeppelin/contracts/access/Ownable2Step.sol
DA:33,0
FN:33,Ownable2Step.pendingOwner
FNDA:0,Ownable2Step.pendingOwner
DA:34,0
DA:43,0
FN:43,Ownable2Step.transferOwnership
FNDA:0,Ownable2Step.transferOwnership
DA:44,0
DA:45,0
DA:52,6
FN:52,Ownable2Step._transferOwnership
FNDA:6,Ownable2Step._transferOwnership
DA:54,6
DA:60,0
FN:60,Ownable2Step.acceptOwnership
FNDA:0,Ownable2Step.acceptOwnership
DA:61,0
DA:62,0
BRDA:62,0,0,-
DA:63,0
DA:65,0
FNF:4
FNH:1
LF:12
LH:2
BRF:1
BRH:0
end_of_record
TN:
SF:node_modules/@openzeppelin/contracts/proxy/Clones.sol
DA:32,0
FN:32,Clones.clone.0
FNDA:0,Clones.clone.0
DA:33,0
DA:47,0
FN:47,Clones.clone.1
FNDA:0,Clones.clone.1
DA:48,0
BRDA:48,0,0,-
DA:49,0
DA:54,0
DA:56,0
DA:57,0
DA:59,0
BRDA:59,1,0,-
DA:60,0
DA:75,11
FN:75,Clones.cloneDeterministic.0
FNDA:11,Clones.cloneDeterministic.0
DA:76,11
DA:90,11
FN:90,Clones.cloneDeterministic.1
FNDA:11,Clones.cloneDeterministic.1
DA:95,11
BRDA:95,2,0,-
DA:96,0
DA:101,11
DA:103,11
DA:104,11
DA:106,11
BRDA:106,3,0,-
DA:107,0
DA:114,1
FN:114,Clones.predictDeterministicAddress.0
FNDA:1,Clones.predictDeterministicAddress.0
DA:120,1
DA:121,1
DA:122,1
DA:123,1
DA:124,1
DA:125,1
DA:126,1
DA:127,1
DA:134,0
FN:134,Clones.predictDeterministicAddress.1
FNDA:0,Clones.predictDeterministicAddress.1
DA:138,0
DA:152,0
FN:152,Clones.cloneWithImmutableArgs.0
FNDA:0,Clones.cloneWithImmutableArgs.0
DA:153,0
DA:167,0
FN:167,Clones.cloneWithImmutableArgs.1
FNDA:0,Clones.cloneWithImmutableArgs.1
DA:172,0
BRDA:172,4,0,-
DA:173,0
DA:175,0
DA:177,0
DA:179,0
BRDA:179,5,0,-
DA:180,0
DA:197,0
FN:197,Clones.cloneDeterministicWithImmutableArgs.0
FNDA:0,Clones.cloneDeterministicWithImmutableArgs.0
DA:202,0
DA:216,0
FN:216,Clones.cloneDeterministicWithImmutableArgs.1
FNDA:0,Clones.cloneDeterministicWithImmutableArgs.1
DA:222,0
DA:223,0
DA:229,0
FN:229,Clones.predictDeterministicAddressWithImmutableArgs.0
FNDA:0,Clones.predictDeterministicAddressWithImmutableArgs.0
DA:235,0
DA:236,0
DA:242,0
FN:242,Clones.predictDeterministicAddressWithImmutableArgs.1
FNDA:0,Clones.predictDeterministicAddressWithImmutableArgs.1
DA:247,0
DA:261,0
FN:261,Clones.fetchCloneArgs
FNDA:0,Clones.fetchCloneArgs
DA:262,0
DA:264,0
DA:266,0
DA:279,0
FN:279,Clones._cloneCodeWithImmutableArgs
FNDA:0,Clones._cloneCodeWithImmutableArgs
DA:283,0
BRDA:283,6,0,-
DA:284,0
DA:285,0
FNF:14
FNH:3
LF:58
LH:17
BRF:7
BRH:0
end_of_record
TN:
SF:node_modules/@openzeppelin/contracts/proxy/ERC1967/ERC1967Proxy.sol
DA:34,60
FN:34,ERC1967Proxy.constructor
FNDA:60,ERC1967Proxy.constructor
DA:35,60
BRDA:35,0,0,-
DA:36,0
DA:38,60
DA:48,309
FN:48,ERC1967Proxy._implementation
FNDA:309,ERC1967Proxy._implementation
DA:49,309
DA:59,60
FN:59,ERC1967Proxy._unsafeAllowUninitialized
FNDA:60,ERC1967Proxy._unsafeAllowUninitialized
DA:60,60
FNF:3
FNH:3
LF:8
LH:7
BRF:1
BRH:0
end_of_record
TN:
SF:node_modules/@openzeppelin/contracts/proxy/ERC1967/ERC1967Utils.sol
DA:46,309
FN:46,ERC1967Utils.getImplementation
FNDA:309,ERC1967Utils.getImplementation
DA:47,309
DA:53,60
FN:53,ERC1967Utils._setImplementation
FNDA:60,ERC1967Utils._setImplementation
DA:54,60
BRDA:54,0,0,-
DA:55,0
DA:57,60
DA:67,60
FN:67,ERC1967Utils.upgradeToAndCall
FNDA:60,ERC1967Utils.upgradeToAndCall
DA:68,60
DA:69,60
DA:71,60
BRDA:71,1,0,60
BRDA:71,1,1,-
DA:72,60
DA:74,0
DA:92,0
FN:92,ERC1967Utils.getAdmin
FNDA:0,ERC1967Utils.getAdmin
DA:93,0
DA:99,0
FN:99,ERC1967Utils._setAdmin
FNDA:0,ERC1967Utils._setAdmin
DA:100,0
BRDA:100,2,0,-
DA:101,0
DA:103,0
DA:111,0
FN:111,ERC1967Utils.changeAdmin
FNDA:0,ERC1967Utils.changeAdmin
DA:112,0
DA:113,0
DA:126,0
FN:126,ERC1967Utils.getBeacon
FNDA:0,ERC1967Utils.getBeacon
DA:127,0
DA:133,0
FN:133,ERC1967Utils._setBeacon
FNDA:0,ERC1967Utils._setBeacon
DA:134,0
BRDA:134,3,0,-
DA:135,0
DA:138,0
DA:140,0
DA:141,0
BRDA:141,4,0,-
DA:142,0
DA:157,0
FN:157,ERC1967Utils.upgradeBeaconToAndCall
FNDA:0,ERC1967Utils.upgradeBeaconToAndCall
DA:158,0
DA:159,0
DA:161,0
BRDA:161,5,0,-
BRDA:161,5,1,-
DA:162,0
DA:164,0
DA:172,0
FN:172,ERC1967Utils._checkNonPayable
FNDA:0,ERC1967Utils._checkNonPayable
DA:173,0
BRDA:173,6,0,-
DA:174,0
FNF:10
FNH:3
LF:39
LH:10
BRF:9
BRH:1
end_of_record
TN:
SF:node_modules/@openzeppelin/contracts/proxy/Proxy.sol
DA:22,309
FN:22,Proxy._delegate
FNDA:309,Proxy._delegate
DA:27,309
DA:31,309
DA:34,309
DA:38,309
DA:39,44
DA:41,265
DA:42,265
DA:58,309
FN:58,Proxy._fallback
FNDA:309,Proxy._fallback
DA:59,309
DA:66,309
FN:66,Proxy.fallback
FNDA:309,Proxy.fallback
DA:67,309
FNF:3
FNH:3
LF:12
LH:12
BRF:0
BRH:0
end_of_record
TN:
SF:node_modules/@openzeppelin/contracts/proxy/utils/Initializable.sol
DA:104,0
FN:104,Initializable.initializer
FNDA:0,Initializable.initializer
DA:106,0
DA:109,0
DA:110,0
DA:117,0
DA:118,0
DA:120,0
BRDA:120,0,0,-
DA:121,0
DA:123,0
DA:124,0
BRDA:124,1,0,-
DA:125,0
DA:128,0
BRDA:128,2,0,-
DA:129,0
DA:130,0
DA:152,0
FN:152,Initializable.reinitializer
FNDA:0,Initializable.reinitializer
DA:154,0
DA:156,0
BRDA:156,3,0,-
DA:157,0
DA:159,0
DA:160,0
DA:162,0
DA:163,0
DA:170,0
FN:170,Initializable.onlyInitializing
FNDA:0,Initializable.onlyInitializing
DA:171,0
DA:178,0
FN:178,Initializable._checkInitializing
FNDA:0,Initializable._checkInitializing
DA:179,0
BRDA:179,4,0,-
DA:180,0
DA:192,0
FN:192,Initializable._disableInitializers
FNDA:0,Initializable._disableInitializers
DA:194,0
DA:196,0
BRDA:196,5,0,-
DA:197,0
DA:199,0
BRDA:199,6,0,-
DA:200,0
DA:201,0
DA:208,0
FN:208,Initializable._getInitializedVersion
FNDA:0,Initializable._getInitializedVersion
DA:209,0
DA:215,0
FN:215,Initializable._isInitializing
FNDA:0,Initializable._isInitializing
DA:216,0
DA:224,0
FN:224,Initializable._initializableStorageSlot
FNDA:0,Initializable._initializableStorageSlot
DA:225,0
DA:232,0
FN:232,Initializable._getInitializableStorage
FNDA:0,Initializable._getInitializableStorage
DA:233,0
DA:235,0
FNF:9
FNH:0
LF:43
LH:0
BRF:7
BRH:0
end_of_record
TN:
SF:node_modules/@openzeppelin/contracts/token/ERC20/ERC20.sol
DA:44,0
FN:44,ERC20.constructor
FNDA:0,ERC20.constructor
DA:45,0
DA:46,0
DA:52,0
FN:52,ERC20.name
FNDA:0,ERC20.name
DA:53,0
DA:60,0
FN:60,ERC20.symbol
FNDA:0,ERC20.symbol
DA:61,0
DA:77,0
FN:77,ERC20.decimals
FNDA:0,ERC20.decimals
DA:78,0
DA:82,0
FN:82,ERC20.totalSupply
FNDA:0,ERC20.totalSupply
DA:83,0
DA:87,0
FN:87,ERC20.balanceOf
FNDA:0,ERC20.balanceOf
DA:88,0
DA:99,0
FN:99,ERC20.transfer
FNDA:0,ERC20.transfer
DA:100,0
DA:101,0
DA:102,0
DA:106,0
FN:106,ERC20.allowance
FNDA:0,ERC20.allowance
DA:107,0
DA:120,0
FN:120,ERC20.approve
FNDA:0,ERC20.approve
DA:121,0
DA:122,0
DA:123,0
DA:142,0
FN:142,ERC20.transferFrom
FNDA:0,ERC20.transferFrom
DA:143,0
DA:144,0
DA:145,0
DA:146,0
DA:159,0
FN:159,ERC20._transfer
FNDA:0,ERC20._transfer
DA:160,0
BRDA:160,0,0,-
DA:161,0
DA:163,0
BRDA:163,1,0,-
DA:164,0
DA:166,0
DA:176,0
FN:176,ERC20._update
FNDA:0,ERC20._update
DA:177,0
BRDA:177,2,0,-
BRDA:177,2,1,-
DA:179,0
DA:181,0
DA:182,0
BRDA:182,3,0,-
DA:183,0
DA:187,0
DA:191,0
BRDA:191,4,0,-
BRDA:191,4,1,-
DA:194,0
DA:199,0
DA:203,0
DA:214,0
FN:214,ERC20._mint
FNDA:0,ERC20._mint
DA:215,0
BRDA:215,5,0,-
DA:216,0
DA:218,0
DA:229,0
FN:229,ERC20._burn
FNDA:0,ERC20._burn
DA:230,0
BRDA:230,6,0,-
DA:231,0
DA:233,0
DA:251,0
FN:251,ERC20._approve.0
FNDA:0,ERC20._approve.0
DA:252,0
DA:273,0
FN:273,ERC20._approve.1
FNDA:0,ERC20._approve.1
DA:274,0
BRDA:274,7,0,-
DA:275,0
DA:277,0
BRDA:277,8,0,-
DA:278,0
DA:280,0
DA:281,0
BRDA:281,9,0,-
DA:282,0
DA:294,0
FN:294,ERC20._spendAllowance
FNDA:0,ERC20._spendAllowance
DA:295,0
DA:296,0
BRDA:296,10,0,-
DA:297,0
BRDA:297,11,0,-
DA:298,0
DA:301,0
FNF:17
FNH:0
LF:69
LH:0
BRF:14
BRH:0
end_of_record
TN:
SF:node_modules/@openzeppelin/contracts/token/ERC20/extensions/ERC4626.sol
DA:99,0
FN:99,ERC4626.constructor
FNDA:0,ERC4626.constructor
DA:100,0
DA:101,0
DA:102,0
DA:108,0
FN:108,ERC4626._tryGetAssetDecimals
FNDA:0,ERC4626._tryGetAssetDecimals
DA:109,0
DA:110,0
DA:114,0
DA:116,0
DA:117,0
DA:129,0
FN:129,ERC4626.decimals
FNDA:0,ERC4626.decimals
DA:130,0
DA:134,0
FN:134,ERC4626.asset
FNDA:0,ERC4626.asset
DA:135,0
DA:139,0
FN:139,ERC4626.totalAssets
FNDA:0,ERC4626.totalAssets
DA:140,0
DA:144,0
FN:144,ERC4626.convertToShares
FNDA:0,ERC4626.convertToShares
DA:145,0
DA:149,0
FN:149,ERC4626.convertToAssets
FNDA:0,ERC4626.convertToAssets
DA:150,0
DA:154,0
FN:154,ERC4626.maxDeposit
FNDA:0,ERC4626.maxDeposit
DA:155,0
DA:159,0
FN:159,ERC4626.maxMint
FNDA:0,ERC4626.maxMint
DA:160,0
DA:164,0
FN:164,ERC4626.maxWithdraw
FNDA:0,ERC4626.maxWithdraw
DA:165,0
DA:169,0
FN:169,ERC4626.maxRedeem
FNDA:0,ERC4626.maxRedeem
DA:170,0
DA:174,0
FN:174,ERC4626.previewDeposit
FNDA:0,ERC4626.previewDeposit
DA:175,0
DA:179,0
FN:179,ERC4626.previewMint
FNDA:0,ERC4626.previewMint
DA:180,0
DA:184,0
FN:184,ERC4626.previewWithdraw
FNDA:0,ERC4626.previewWithdraw
DA:185,0
DA:189,0
FN:189,ERC4626.previewRedeem
FNDA:0,ERC4626.previewRedeem
DA:190,0
DA:194,0
FN:194,ERC4626.deposit
FNDA:0,ERC4626.deposit
DA:195,0
DA:196,0
BRDA:196,0,0,-
DA:197,0
DA:200,0
DA:201,0
DA:203,0
DA:207,0
FN:207,ERC4626.mint
FNDA:0,ERC4626.mint
DA:208,0
DA:209,0
BRDA:209,1,0,-
DA:210,0
DA:213,0
DA:214,0
DA:216,0
DA:220,0
FN:220,ERC4626.withdraw
FNDA:0,ERC4626.withdraw
DA:221,0
DA:222,0
BRDA:222,2,0,-
DA:223,0
DA:226,0
DA:227,0
DA:229,0
DA:233,0
FN:233,ERC4626.redeem
FNDA:0,ERC4626.redeem
DA:234,0
DA:235,0
BRDA:235,3,0,-
DA:236,0
DA:239,0
DA:240,0
DA:242,0
DA:248,0
FN:248,ERC4626._convertToShares
FNDA:0,ERC4626._convertToShares
DA:249,0
DA:255,0
FN:255,ERC4626._convertToAssets
FNDA:0,ERC4626._convertToAssets
DA:256,0
DA:262,0
FN:262,ERC4626._deposit
FNDA:0,ERC4626._deposit
DA:270,0
DA:271,0
DA:273,0
DA:279,0
FN:279,ERC4626._withdraw
FNDA:0,ERC4626._withdraw
DA:286,0
BRDA:286,4,0,-
DA:287,0
DA:296,0
DA:297,0
DA:299,0
DA:303,0
FN:303,ERC4626._transferIn
FNDA:0,ERC4626._transferIn
DA:304,0
DA:308,0
FN:308,ERC4626._transferOut
FNDA:0,ERC4626._transferOut
DA:309,0
DA:312,0
FN:312,ERC4626._decimalsOffset
FNDA:0,ERC4626._decimalsOffset
DA:313,0
FNF:26
FNH:0
LF:84
LH:0
BRF:5
BRH:0
end_of_record
TN:
SF:node_modules/@openzeppelin/contracts/token/ERC20/utils/SafeERC20.sol
DA:33,0
FN:33,SafeERC20.safeTransfer
FNDA:0,SafeERC20.safeTransfer
DA:34,0
BRDA:34,0,0,-
DA:35,0
DA:43,0
FN:43,SafeERC20.safeTransferFrom
FNDA:0,SafeERC20.safeTransferFrom
DA:44,0
BRDA:44,1,0,-
DA:45,0
DA:52,0
FN:52,SafeERC20.trySafeTransfer
FNDA:0,SafeERC20.trySafeTransfer
DA:53,0
DA:59,0
FN:59,SafeERC20.trySafeTransferFrom
FNDA:0,SafeERC20.trySafeTransferFrom
DA:60,0
DA:72,0
FN:72,SafeERC20.safeIncreaseAllowance
FNDA:0,SafeERC20.safeIncreaseAllowance
DA:73,0
DA:74,0
DA:86,0
FN:86,SafeERC20.safeDecreaseAllowance
FNDA:0,SafeERC20.safeDecreaseAllowance
DA:88,0
DA:89,0
BRDA:89,2,0,-
DA:90,0
DA:92,0
DA:105,0
FN:105,SafeERC20.forceApprove
FNDA:0,SafeERC20.forceApprove
DA:106,0
BRDA:106,3,0,-
DA:107,0
BRDA:107,4,0,-
DA:108,0
BRDA:108,5,0,-
DA:119,0
FN:119,SafeERC20.transferAndCallRelaxed
FNDA:0,SafeERC20.transferAndCallRelaxed
DA:120,0
BRDA:120,6,0,-
BRDA:120,6,1,-
DA:121,0
DA:122,0
BRDA:122,7,0,-
DA:123,0
DA:134,0
FN:134,SafeERC20.transferFromAndCallRelaxed
FNDA:0,SafeERC20.transferFromAndCallRelaxed
DA:141,0
BRDA:141,8,0,-
BRDA:141,8,1,-
DA:142,0
DA:143,0
BRDA:143,9,0,-
DA:144,0
DA:159,0
FN:159,SafeERC20.approveAndCallRelaxed
FNDA:0,SafeERC20.approveAndCallRelaxed
DA:160,0
BRDA:160,10,0,-
BRDA:160,10,1,-
DA:161,0
DA:162,0
BRDA:162,11,0,-
DA:163,0
DA:176,0
FN:176,SafeERC20._safeTransfer
FNDA:0,SafeERC20._safeTransfer
DA:177,0
DA:180,0
DA:181,0
DA:182,0
DA:183,0
DA:184,0
DA:187,0
BRDA:187,12,0,-
DA:189,0
BRDA:189,13,0,-
DA:190,0
DA:191,0
DA:196,0
DA:198,0
DA:212,0
FN:212,SafeERC20._safeTransferFrom
FNDA:0,SafeERC20._safeTransferFrom
DA:219,0
DA:222,0
DA:223,0
DA:224,0
DA:225,0
DA:226,0
DA:227,0
DA:230,0
BRDA:230,14,0,-
DA:232,0
BRDA:232,15,0,-
DA:233,0
DA:234,0
DA:239,0
DA:241,0
DA:242,0
DA:255,0
FN:255,SafeERC20._safeApprove
FNDA:0,SafeERC20._safeApprove
DA:256,0
DA:259,0
DA:260,0
DA:261,0
DA:262,0
DA:263,0
DA:266,0
BRDA:266,16,0,-
DA:268,0
BRDA:268,17,0,-
DA:269,0
DA:270,0
DA:275,0
DA:277,0
FNF:13
FNH:0
LF:78
LH:0
BRF:21
BRH:0
end_of_record
TN:
SF:node_modules/@openzeppelin/contracts/token/ERC721/ERC721.sol
DA:39,6
FN:39,ERC721.constructor
FNDA:6,ERC721.constructor
DA:40,6
DA:41,6
DA:45,0
FN:45,ERC721.supportsInterface
FNDA:0,ERC721.supportsInterface
DA:46,0
DA:47,0
DA:48,0
DA:49,0
DA:53,0
FN:53,ERC721.balanceOf
FNDA:0,ERC721.balanceOf
DA:54,0
BRDA:54,0,0,-
DA:55,0
DA:57,0
DA:61,3
FN:61,ERC721.ownerOf
FNDA:3,ERC721.ownerOf
DA:62,3
DA:66,0
FN:66,ERC721.name
FNDA:0,ERC721.name
DA:67,0
DA:71,0
FN:71,ERC721.symbol
FNDA:0,ERC721.symbol
DA:72,0
DA:76,0
FN:76,ERC721.tokenURI
FNDA:0,ERC721.tokenURI
DA:77,0
DA:79,0
DA:80,0
DA:88,0
FN:88,ERC721._baseURI
FNDA:0,ERC721._baseURI
DA:89,0
DA:93,1
FN:93,ERC721.approve
FNDA:1,ERC721.approve
DA:94,1
DA:98,0
FN:98,ERC721.getApproved
FNDA:0,ERC721.getApproved
DA:99,0
DA:101,0
DA:105,0
FN:105,ERC721.setApprovalForAll
FNDA:0,ERC721.setApprovalForAll
DA:106,0
DA:110,0
FN:110,ERC721.isApprovedForAll
FNDA:0,ERC721.isApprovedForAll
DA:111,1
DA:115,2
FN:115,ERC721.transferFrom
FNDA:2,ERC721.transferFrom
DA:116,2
BRDA:116,1,0,-
DA:117,0
DA:121,2
DA:122,1
BRDA:122,2,0,-
DA:123,0
DA:128,0
FN:128,ERC721.safeTransferFrom.0
FNDA:0,ERC721.safeTransferFrom.0
DA:129,0
DA:133,0
FN:133,ERC721.safeTransferFrom.1
FNDA:0,ERC721.safeTransferFrom.1
DA:134,0
DA:135,0
DA:146,15
FN:146,ERC721._ownerOf
FNDA:15,ERC721._ownerOf
DA:147,15
DA:153,1
FN:153,ERC721._getApproved
FNDA:1,ERC721._getApproved
DA:154,1
DA:164,1
FN:164,ERC721._isAuthorized
FNDA:1,ERC721._isAuthorized
DA:165,1
DA:166,1
DA:179,1
FN:179,ERC721._checkAuthorized
FNDA:1,ERC721._checkAuthorized
DA:180,1
BRDA:180,3,0,-
DA:181,0
BRDA:181,4,0,-
BRDA:181,4,1,-
DA:182,0
DA:184,0
DA:199,0
FN:199,ERC721._increaseBalance
FNDA:0,ERC721._increaseBalance
DA:201,0
DA:216,5
FN:216,ERC721._update
FNDA:5,ERC721._update
DA:217,5
DA:220,5
BRDA:220,5,0,1
DA:221,1
DA:225,5
BRDA:225,6,0,1
DA:227,1
DA:230,1
DA:234,5
BRDA:234,7,0,5
DA:236,5
DA:240,5
DA:242,5
DA:244,5
DA:259,4
FN:259,ERC721._mint
FNDA:4,ERC721._mint
DA:260,4
BRDA:260,8,0,-
DA:261,0
DA:263,4
DA:264,4
BRDA:264,9,0,-
DA:265,0
DA:279,0
FN:279,ERC721._safeMint.0
FNDA:0,ERC721._safeMint.0
DA:280,0
DA:287,0
FN:287,ERC721._safeMint.1
FNDA:0,ERC721._safeMint.1
DA:288,0
DA:289,0
DA:303,0
FN:303,ERC721._burn
FNDA:0,ERC721._burn
DA:304,0
DA:305,0
BRDA:305,10,0,-
DA:306,0
DA:321,0
FN:321,ERC721._transfer
FNDA:0,ERC721._transfer
DA:322,0
BRDA:322,11,0,-
DA:323,0
DA:325,0
DA:326,0
BRDA:326,12,0,-
BRDA:326,12,1,-
DA:327,0
DA:328,0
BRDA:328,13,0,-
DA:329,0
DA:352,0
FN:352,ERC721._safeTransfer.0
FNDA:0,ERC721._safeTransfer.0
DA:353,0
DA:360,0
FN:360,ERC721._safeTransfer.1
FNDA:0,ERC721._safeTransfer.1
DA:361,0
DA:362,0
DA:375,1
FN:375,ERC721._approve.0
FNDA:1,ERC721._approve.0
DA:376,1
DA:383,2
FN:383,ERC721._approve.1
FNDA:2,ERC721._approve.1
DA:385,2
BRDA:385,14,0,1
DA:386,1
DA:389,1
BRDA:389,15,0,-
DA:390,0
DA:393,1
BRDA:393,16,0,1
DA:394,1
DA:398,2
DA:409,0
FN:409,ERC721._setApprovalForAll
FNDA:0,ERC721._setApprovalForAll
DA:410,0
BRDA:410,17,0,-
DA:411,0
DA:413,0
BRDA:413,18,0,-
DA:414,0
DA:416,0
DA:417,0
DA:426,4
FN:426,ERC721._requireOwned
FNDA:4,ERC721._requireOwned
DA:427,4
DA:428,4
BRDA:428,19,0,-
DA:429,0
DA:431,4
FNF:32
FNH:13
LF:120
LH:50
BRF:22
BRH:5
end_of_record
TN:
SF:node_modules/@openzeppelin/contracts/token/ERC721/utils/ERC721Utils.sol
DA:25,0
FN:25,ERC721Utils.checkOnERC721Received
FNDA:0,ERC721Utils.checkOnERC721Received
DA:32,0
BRDA:32,0,0,-
DA:33,0
BRDA:33,1,0,-
DA:34,0
BRDA:34,2,0,-
DA:36,0
DA:38,0
BRDA:38,1,1,-
DA:39,0
BRDA:39,3,0,-
BRDA:39,3,1,-
DA:41,0
DA:44,0
FNF:1
FNH:0
LF:9
LH:0
BRF:6
BRH:0
end_of_record
TN:
SF:node_modules/@openzeppelin/contracts/utils/Address.sol
DA:34,0
FN:34,Address.sendValue
FNDA:0,Address.sendValue
DA:35,0
BRDA:35,0,0,-
DA:36,0
DA:38,0
BRDA:38,1,0,-
BRDA:38,1,1,-
DA:40,0
DA:41,0
BRDA:41,2,0,-
BRDA:41,2,1,-
DA:42,0
DA:44,0
DA:66,0
FN:66,Address.functionCall
FNDA:0,Address.functionCall
DA:67,0
DA:79,0
FN:79,Address.functionCallWithValue
FNDA:0,Address.functionCallWithValue
DA:80,0
BRDA:80,3,0,-
DA:81,0
DA:83,0
DA:84,0
BRDA:84,4,0,-
BRDA:84,4,1,-
DA:85,0
DA:86,0
BRDA:86,5,0,-
BRDA:86,5,1,-
DA:87,0
DA:88,0
BRDA:88,6,0,-
BRDA:88,6,1,-
DA:89,0
DA:91,0
DA:99,0
FN:99,Address.functionStaticCall
FNDA:0,Address.functionStaticCall
DA:100,0
DA:101,0
BRDA:101,7,0,-
BRDA:101,7,1,-
DA:102,0
DA:103,0
BRDA:103,8,0,-
BRDA:103,8,1,-
DA:104,0
DA:105,0
BRDA:105,9,0,-
BRDA:105,9,1,-
DA:106,0
DA:108,0
DA:116,60
FN:116,Address.functionDelegateCall
FNDA:60,Address.functionDelegateCall
DA:117,60
DA:118,60
BRDA:118,10,0,60
BRDA:118,10,1,-
DA:119,60
DA:120,0
BRDA:120,11,0,-
BRDA:120,11,1,-
DA:121,0
DA:122,0
BRDA:122,12,0,-
BRDA:122,12,1,-
DA:123,0
DA:125,0
DA:136,0
FN:136,Address.verifyCallResultFromTarget
FNDA:0,Address.verifyCallResultFromTarget
DA:143,0
BRDA:143,13,0,-
BRDA:143,13,1,-
DA:144,0
DA:145,0
BRDA:145,14,0,-
BRDA:145,14,1,-
DA:146,0
DA:147,0
BRDA:147,15,0,-
BRDA:147,15,1,-
DA:148,0
DA:150,0
DA:158,0
FN:158,Address.verifyCallResult
FNDA:0,Address.verifyCallResult
DA:159,0
BRDA:159,16,0,-
BRDA:159,16,1,-
DA:160,0
DA:161,0
BRDA:161,17,0,-
BRDA:161,17,1,-
DA:162,0
DA:164,0
FNF:7
FNH:1
LF:53
LH:4
BRF:34
BRH:1
end_of_record
TN:
SF:node_modules/@openzeppelin/contracts/utils/Bytes.sol
DA:19,0
FN:19,Bytes.indexOf.0
FNDA:0,Bytes.indexOf.0
DA:20,0
DA:30,0
FN:30,Bytes.indexOf.1
FNDA:0,Bytes.indexOf.1
DA:31,0
DA:32,0
DA:33,0
BRDA:33,0,0,-
DA:34,0
DA:37,0
DA:47,0
FN:47,Bytes.lastIndexOf.0
FNDA:0,Bytes.lastIndexOf.0
DA:48,0
DA:58,0
FN:58,Bytes.lastIndexOf.1
FNDA:0,Bytes.lastIndexOf.1
DA:60,0
DA:61,0
DA:62,0
BRDA:62,1,0,-
DA:63,0
DA:66,0
DA:76,0
FN:76,Bytes.slice.0
FNDA:0,Bytes.slice.0
DA:77,0
DA:86,0
FN:86,Bytes.slice.1
FNDA:0,Bytes.slice.1
DA:88,0
DA:89,0
DA:92,0
DA:94,0
DA:97,0
DA:106,0
FN:106,Bytes.splice.0
FNDA:0,Bytes.splice.0
DA:107,0
DA:117,0
FN:117,Bytes.splice.1
FNDA:0,Bytes.splice.1
DA:119,0
DA:120,0
DA:124,0
DA:125,0
DA:128,0
DA:139,0
FN:139,Bytes.replace.0
FNDA:0,Bytes.replace.0
DA:140,0
DA:154,0
FN:154,Bytes.replace.1
FNDA:0,Bytes.replace.1
DA:162,0
DA:163,0
DA:164,0
DA:168,0
DA:171,0
DA:183,0
FN:183,Bytes.concat
FNDA:0,Bytes.concat
DA:184,0
DA:185,0
DA:186,0
DA:189,0
DA:191,0
DA:192,0
DA:193,0
DA:195,0
DA:198,0
DA:202,0
DA:210,0
FN:210,Bytes.toNibbles
FNDA:0,Bytes.toNibbles
DA:212,0
DA:213,0
DA:214,0
DA:215,0
DA:217,0
DA:218,0
DA:219,0
DA:220,0
DA:221,0
DA:222,0
DA:226,0
DA:230,0
DA:234,0
DA:238,0
DA:242,0
DA:250,0
FN:250,Bytes.equal
FNDA:0,Bytes.equal
DA:251,0
DA:258,0
FN:258,Bytes.reverseBytes32
FNDA:0,Bytes.reverseBytes32
DA:259,0
DA:262,0
DA:265,0
DA:268,0
DA:271,0
DA:275,0
FN:275,Bytes.reverseBytes16
FNDA:0,Bytes.reverseBytes16
DA:276,0
DA:279,0
DA:282,0
DA:285,0
DA:289,0
FN:289,Bytes.reverseBytes8
FNDA:0,Bytes.reverseBytes8
DA:290,0
DA:291,0
DA:292,0
DA:296,0
FN:296,Bytes.reverseBytes4
FNDA:0,Bytes.reverseBytes4
DA:297,0
DA:298,0
DA:302,0
FN:302,Bytes.reverseBytes2
FNDA:0,Bytes.reverseBytes2
DA:303,0
DA:310,0
FN:310,Bytes.clz
FNDA:0,Bytes.clz
DA:311,0
DA:312,0
DA:313,0
BRDA:313,2,0,-
DA:314,0
DA:317,0
DA:326,0
FN:326,Bytes._unsafeReadBytesOffset
FNDA:0,Bytes._unsafeReadBytesOffset
DA:329,0
FNF:20
FNH:0
LF:97
LH:0
BRF:3
BRH:0
end_of_record
TN:
SF:node_modules/@openzeppelin/contracts/utils/Context.sol
DA:17,6
FN:17,Context._msgSender
FNDA:6,Context._msgSender
DA:18,6
DA:21,0
FN:21,Context._msgData
FNDA:0,Context._msgData
DA:22,0
DA:25,0
FN:25,Context._contextSuffixLength
FNDA:0,Context._contextSuffixLength
DA:26,0
FNF:3
FNH:1
LF:6
LH:2
BRF:0
BRH:0
end_of_record
TN:
SF:node_modules/@openzeppelin/contracts/utils/Create2.sol
DA:38,0
FN:38,Create2.deploy
FNDA:0,Create2.deploy
DA:39,0
BRDA:39,0,0,-
DA:40,0
DA:42,0
BRDA:42,1,0,-
DA:43,0
DA:46,0
DA:48,0
BRDA:48,2,0,-
DA:49,0
BRDA:49,3,0,-
BRDA:49,3,1,-
DA:50,0
DA:52,0
DA:61,0
FN:61,Create2.computeAddress.0
FNDA:0,Create2.computeAddress.0
DA:62,0
DA:69,0
FN:69,Create2.computeAddress.1
FNDA:0,Create2.computeAddress.1
DA:71,0
DA:83,0
DA:84,0
DA:85,0
DA:86,0
DA:87,0
DA:88,0
FNF:3
FNH:0
LF:20
LH:0
BRF:5
BRH:0
end_of_record
TN:
SF:node_modules/@openzeppelin/contracts/utils/LowLevelCall.sol
DA:14,0
FN:14,LowLevelCall.callNoReturn.0
FNDA:0,LowLevelCall.callNoReturn.0
DA:15,0
DA:19,0
FN:19,LowLevelCall.callNoReturn.1
FNDA:0,LowLevelCall.callNoReturn.1
DA:21,0
DA:30,0
FN:30,LowLevelCall.callReturn64Bytes.0
FNDA:0,LowLevelCall.callReturn64Bytes.0
DA:34,0
DA:38,0
FN:38,LowLevelCall.callReturn64Bytes.1
FNDA:0,LowLevelCall.callReturn64Bytes.1
DA:44,0
DA:45,0
DA:46,0
DA:51,0
FN:51,LowLevelCall.staticcallNoReturn
FNDA:0,LowLevelCall.staticcallNoReturn
DA:53,0
DA:62,0
FN:62,LowLevelCall.staticcallReturn64Bytes
FNDA:0,LowLevelCall.staticcallReturn64Bytes
DA:67,0
DA:68,0
DA:69,0
DA:74,60
FN:74,LowLevelCall.delegatecallNoReturn
FNDA:60,LowLevelCall.delegatecallNoReturn
DA:76,60
DA:85,0
FN:85,LowLevelCall.delegatecallReturn64Bytes
FNDA:0,LowLevelCall.delegatecallReturn64Bytes
DA:90,0
DA:91,0
DA:92,0
DA:97,60
FN:97,LowLevelCall.returnDataSize
FNDA:60,LowLevelCall.returnDataSize
DA:99,60
DA:104,60
FN:104,LowLevelCall.returnData
FNDA:60,LowLevelCall.returnData
DA:106,60
DA:107,60
DA:108,60
DA:109,60
DA:114,0
FN:114,LowLevelCall.bubbleRevert.0
FNDA:0,LowLevelCall.bubbleRevert.0
DA:116,0
DA:117,0
DA:118,0
DA:122,0
FN:122,LowLevelCall.bubbleRevert.1
FNDA:0,LowLevelCall.bubbleRevert.1
DA:124,0
FNF:12
FNH:3
LF:35
LH:9
BRF:0
BRH:0
end_of_record
TN:
SF:node_modules/@openzeppelin/contracts/utils/Memory.sol
DA:24,0
FN:24,Memory.getFreeMemoryPointer
FNDA:0,Memory.getFreeMemoryPointer
DA:26,0
DA:39,0
FN:39,Memory.unsafeSetFreeMemoryPointer
FNDA:0,Memory.unsafeSetFreeMemoryPointer
DA:41,0
DA:46,0
FN:46,Memory.forward
FNDA:0,Memory.forward
DA:47,0
DA:51,0
FN:51,Memory.equal.0
FNDA:0,Memory.equal.0
DA:52,0
DA:58,0
FN:58,Memory.asSlice
FNDA:0,Memory.asSlice
DA:60,0
DA:65,0
FN:65,Memory.length
FNDA:0,Memory.length
DA:67,0
DA:72,0
FN:72,Memory.slice.0
FNDA:0,Memory.slice.0
DA:73,0
BRDA:73,0,0,-
DA:74,0
DA:78,0
FN:78,Memory.slice.1
FNDA:0,Memory.slice.1
DA:79,0
BRDA:79,1,0,-
DA:80,0
DA:88,0
FN:88,Memory.load
FNDA:0,Memory.load
DA:89,0
DA:90,0
BRDA:90,2,0,-
DA:93,0
DA:98,0
FN:98,Memory.toBytes
FNDA:0,Memory.toBytes
DA:99,0
DA:100,0
DA:102,0
DA:103,0
DA:104,0
DA:105,0
DA:110,0
FN:110,Memory.equal.1
FNDA:0,Memory.equal.1
DA:111,0
DA:112,0
DA:113,0
DA:114,0
DA:116,0
DA:121,0
FN:121,Memory.isReserved
FNDA:0,Memory.isReserved
DA:122,0
DA:123,0
DA:125,0
DA:137,0
FN:137,Memory._asSlice
FNDA:0,Memory._asSlice
DA:139,0
DA:144,0
FN:144,Memory._pointer
FNDA:0,Memory._pointer
DA:146,0
FNF:14
FNH:0
LF:43
LH:0
BRF:3
BRH:0
end_of_record
TN:
SF:node_modules/@openzeppelin/contracts/utils/Panic.sol
DA:50,0
FN:50,Panic.panic
FNDA:0,Panic.panic
DA:52,0
DA:53,0
DA:54,0
FNF:1
FNH:0
LF:4
LH:0
BRF:0
BRH:0
end_of_record
TN:
SF:node_modules/@openzeppelin/contracts/utils/StorageSlot.sol
DA:66,369
FN:66,StorageSlot.getAddressSlot
FNDA:369,StorageSlot.getAddressSlot
DA:68,369
DA:75,0
FN:75,StorageSlot.getBooleanSlot
FNDA:0,StorageSlot.getBooleanSlot
DA:77,0
DA:84,0
FN:84,StorageSlot.getBytes32Slot
FNDA:0,StorageSlot.getBytes32Slot
DA:86,0
DA:93,0
FN:93,StorageSlot.getUint256Slot
FNDA:0,StorageSlot.getUint256Slot
DA:95,0
DA:102,0
FN:102,StorageSlot.getInt256Slot
FNDA:0,StorageSlot.getInt256Slot
DA:104,0
DA:111,0
FN:111,StorageSlot.getStringSlot.0
FNDA:0,StorageSlot.getStringSlot.0
DA:113,0
DA:120,0
FN:120,StorageSlot.getStringSlot.1
FNDA:0,StorageSlot.getStringSlot.1
DA:122,0
DA:129,0
FN:129,StorageSlot.getBytesSlot.0
FNDA:0,StorageSlot.getBytesSlot.0
DA:131,0
DA:138,0
FN:138,StorageSlot.getBytesSlot.1
FNDA:0,StorageSlot.getBytesSlot.1
DA:140,0
FNF:9
FNH:1
LF:18
LH:2
BRF:0
BRH:0
end_of_record
TN:
SF:node_modules/@openzeppelin/contracts/utils/Strings.sol
DA:42,0
FN:42,Strings.toString
FNDA:0,Strings.toString
DA:44,0
DA:45,0
DA:46,0
DA:48,0
DA:51,0
DA:53,0
DA:55,0
DA:56,0
BRDA:56,0,0,-
DA:58,0
DA:65,0
FN:65,Strings.toStringSigned
FNDA:0,Strings.toStringSigned
DA:66,0
DA:72,0
FN:72,Strings.toHexString.0
FNDA:0,Strings.toHexString.0
DA:74,0
DA:81,0
FN:81,Strings.toHexString.1
FNDA:0,Strings.toHexString.1
DA:82,0
DA:83,0
DA:84,0
DA:85,0
DA:86,0
DA:87,0
DA:88,0
DA:90,0
BRDA:90,1,0,-
DA:91,0
DA:93,0
DA:100,0
FN:100,Strings.toHexString.2
FNDA:0,Strings.toHexString.2
DA:101,0
DA:108,0
FN:108,Strings.toChecksumHexString
FNDA:0,Strings.toChecksumHexString
DA:109,0
DA:112,0
DA:114,0
DA:117,0
DA:119,0
BRDA:119,2,0,-
DA:121,0
DA:123,0
DA:125,0
DA:131,0
FN:131,Strings.toHexString.3
FNDA:0,Strings.toHexString.3
DA:133,0
DA:134,0
DA:135,0
DA:136,0
DA:137,0
DA:138,0
DA:139,0
DA:141,0
DA:148,0
FN:148,Strings.equal
FNDA:0,Strings.equal
DA:149,0
DA:159,0
FN:159,Strings.parseUint.0
FNDA:0,Strings.parseUint.0
DA:160,0
DA:171,0
FN:171,Strings.parseUint.1
FNDA:0,Strings.parseUint.1
DA:172,0
DA:173,0
BRDA:173,3,0,-
DA:174,0
DA:182,0
FN:182,Strings.tryParseUint.0
FNDA:0,Strings.tryParseUint.0
DA:183,0
DA:192,0
FN:192,Strings.tryParseUint.1
FNDA:0,Strings.tryParseUint.1
DA:197,0
BRDA:197,4,0,-
DA:198,0
DA:205,0
FN:205,Strings._tryParseUintUncheckedBounds
FNDA:0,Strings._tryParseUintUncheckedBounds
DA:210,0
DA:212,0
DA:213,0
DA:214,0
DA:215,0
BRDA:215,5,0,-
DA:216,0
DA:217,0
DA:219,0
DA:229,0
FN:229,Strings.parseInt.0
FNDA:0,Strings.parseInt.0
DA:230,0
DA:241,0
FN:241,Strings.parseInt.1
FNDA:0,Strings.parseInt.1
DA:242,0
DA:243,0
BRDA:243,6,0,-
DA:244,0
DA:253,0
FN:253,Strings.tryParseInt.0
FNDA:0,Strings.tryParseInt.0
DA:254,0
DA:265,0
FN:265,Strings.tryParseInt.1
FNDA:0,Strings.tryParseInt.1
DA:270,0
BRDA:270,7,0,-
DA:271,0
DA:278,0
FN:278,Strings._tryParseIntUncheckedBounds
FNDA:0,Strings._tryParseIntUncheckedBounds
DA:283,0
DA:286,0
DA:287,0
DA:288,0
DA:289,0
DA:291,0
DA:293,0
BRDA:293,8,0,-
BRDA:293,8,1,-
DA:294,0
DA:295,0
BRDA:295,9,1,-
BRDA:295,9,0,-
DA:296,0
DA:297,0
DA:307,0
FN:307,Strings.parseHexUint.0
FNDA:0,Strings.parseHexUint.0
DA:308,0
DA:319,0
FN:319,Strings.parseHexUint.1
FNDA:0,Strings.parseHexUint.1
DA:320,0
DA:321,0
BRDA:321,10,0,-
DA:322,0
DA:330,0
FN:330,Strings.tryParseHexUint.0
FNDA:0,Strings.tryParseHexUint.0
DA:331,0
DA:340,0
FN:340,Strings.tryParseHexUint.1
FNDA:0,Strings.tryParseHexUint.1
DA:345,0
BRDA:345,11,0,-
DA:346,0
DA:353,0
FN:353,Strings._tryParseHexUintUncheckedBounds
FNDA:0,Strings._tryParseHexUintUncheckedBounds
DA:358,0
DA:361,0
DA:362,0
DA:364,0
DA:365,0
DA:366,0
DA:367,0
BRDA:367,12,0,-
DA:368,0
DA:372,0
DA:375,0
DA:384,0
FN:384,Strings.parseAddress.0
FNDA:0,Strings.parseAddress.0
DA:385,0
DA:395,0
FN:395,Strings.parseAddress.1
FNDA:0,Strings.parseAddress.1
DA:396,0
DA:397,0
BRDA:397,13,0,-
DA:398,0
DA:405,0
FN:405,Strings.tryParseAddress.0
FNDA:0,Strings.tryParseAddress.0
DA:406,0
DA:413,0
FN:413,Strings.tryParseAddress.1
FNDA:0,Strings.tryParseAddress.1
DA:418,0
BRDA:418,14,0,-
DA:420,0
DA:421,0
DA:424,0
BRDA:424,15,0,-
BRDA:424,15,1,-
DA:426,0
DA:427,0
DA:429,0
DA:433,0
FN:433,Strings._tryParseChr
FNDA:0,Strings._tryParseChr
DA:434,0
DA:442,0
BRDA:442,16,0,-
BRDA:442,16,1,-
DA:443,0
BRDA:443,17,0,-
BRDA:443,17,1,-
DA:444,0
BRDA:444,18,0,-
BRDA:444,18,1,-
DA:445,0
DA:448,0
DA:461,0
FN:461,Strings.escapeJSON
FNDA:0,Strings.escapeJSON
DA:462,0
DA:467,0
DA:469,0
DA:471,0
DA:473,0
DA:474,0
DA:475,0
BRDA:475,19,0,-
BRDA:475,19,1,-
DA:476,0
DA:477,0
BRDA:477,20,0,-
BRDA:477,20,1,-
DA:478,0
BRDA:478,21,0,-
BRDA:478,21,1,-
DA:479,0
BRDA:479,22,0,-
BRDA:479,22,1,-
DA:480,0
BRDA:480,23,0,-
BRDA:480,23,1,-
DA:481,0
BRDA:481,24,0,-
BRDA:481,24,1,-
DA:482,0
BRDA:482,25,0,-
BRDA:482,25,1,-
DA:483,0
BRDA:483,26,0,-
BRDA:483,26,1,-
DA:485,0
DA:488,0
DA:489,0
DA:490,0
DA:491,0
DA:492,0
DA:495,0
DA:500,0
DA:501,0
DA:504,0
DA:513,0
FN:513,Strings._unsafeReadBytesOffset
FNDA:0,Strings._unsafeReadBytesOffset
DA:516,0
DA:526,0
FN:526,Strings._unsafeWriteBytesOffset
FNDA:0,Strings._unsafeWriteBytesOffset
DA:529,0
FNF:31
FNH:0
LF:165
LH:0
BRF:41
BRH:0
end_of_record
TN:
SF:node_modules/@openzeppelin/contracts/utils/introspection/ERC165.sol
DA:22,0
FN:22,ERC165.supportsInterface
FNDA:0,ERC165.supportsInterface
DA:23,0
FNF:1
FNH:0
LF:2
LH:0
BRF:0
BRH:0
end_of_record
TN:
SF:node_modules/@openzeppelin/contracts/utils/math/Math.sol
DA:25,0
FN:25,Math.add512
FNDA:0,Math.add512
DA:27,0
DA:28,0
DA:37,0
FN:37,Math.mul512
FNDA:0,Math.mul512
DA:42,0
DA:43,0
DA:44,0
DA:51,0
FN:51,Math.tryAdd
FNDA:0,Math.tryAdd
DA:53,0
DA:54,0
DA:55,0
DA:62,0
FN:62,Math.trySub
FNDA:0,Math.trySub
DA:64,0
DA:65,0
DA:66,0
DA:73,0
FN:73,Math.tryMul
FNDA:0,Math.tryMul
DA:75,0
DA:79,0
DA:82,0
DA:89,0
FN:89,Math.tryDiv
FNDA:0,Math.tryDiv
DA:91,0
DA:94,0
DA:102,0
FN:102,Math.tryMod
FNDA:0,Math.tryMod
DA:104,0
DA:107,0
DA:115,0
FN:115,Math.saturatingAdd
FNDA:0,Math.saturatingAdd
DA:116,0
DA:117,0
DA:123,0
FN:123,Math.saturatingSub
FNDA:0,Math.saturatingSub
DA:124,0
DA:125,0
DA:131,0
FN:131,Math.saturatingMul
FNDA:0,Math.saturatingMul
DA:132,0
DA:133,0
DA:143,0
FN:143,Math.ternary
FNDA:0,Math.ternary
DA:148,0
DA:155,0
FN:155,Math.max
FNDA:0,Math.max
DA:156,0
DA:162,0
FN:162,Math.min
FNDA:0,Math.min
DA:163,0
DA:170,0
FN:170,Math.average
FNDA:0,Math.average
DA:173,0
DA:183,0
FN:183,Math.ceilDiv
FNDA:0,Math.ceilDiv
DA:184,0
BRDA:184,0,0,-
DA:186,0
DA:195,0
DA:206,0
FN:206,Math.mulDiv.0
FNDA:0,Math.mulDiv.0
DA:208,0
DA:211,0
BRDA:211,1,0,-
DA:215,0
DA:219,0
BRDA:219,2,0,-
DA:220,0
DA:228,0
DA:231,0
DA:234,0
DA:235,0
DA:241,0
DA:244,0
DA:247,0
DA:250,0
DA:254,0
DA:259,0
DA:263,0
DA:264,0
DA:265,0
DA:266,0
DA:267,0
DA:268,0
DA:274,0
DA:275,0
DA:282,0
FN:282,Math.mulDiv.1
FNDA:0,Math.mulDiv.1
DA:283,0
DA:289,0
FN:289,Math.mulShr.0
FNDA:0,Math.mulShr.0
DA:291,0
DA:292,0
BRDA:292,3,0,-
DA:293,0
DA:295,0
DA:302,0
FN:302,Math.mulShr.1
FNDA:0,Math.mulShr.1
DA:303,0
DA:317,0
FN:317,Math.invMod
FNDA:0,Math.invMod
DA:319,0
BRDA:319,4,0,-
DA:329,0
DA:330,0
DA:335,0
DA:336,0
DA:338,0
DA:339,0
DA:341,0
DA:350,0
DA:360,0
BRDA:360,5,0,-
DA:361,0
DA:374,0
FN:374,Math.invModPrime
FNDA:0,Math.invModPrime
DA:376,0
DA:393,0
FN:393,Math.modExp.0
FNDA:0,Math.modExp.0
DA:394,0
DA:395,0
BRDA:395,6,0,-
DA:396,0
DA:398,0
DA:411,0
FN:411,Math.tryModExp.0
FNDA:0,Math.tryModExp.0
DA:412,0
BRDA:412,7,0,-
DA:414,0
DA:423,0
DA:424,0
DA:425,0
DA:426,0
DA:427,0
DA:428,0
DA:432,0
DA:433,0
DA:440,0
FN:440,Math.modExp.1
FNDA:0,Math.modExp.1
DA:441,0
DA:442,0
BRDA:442,8,0,-
DA:443,0
DA:445,0
DA:451,0
FN:451,Math.tryModExp.1
FNDA:0,Math.tryModExp.1
DA:456,0
BRDA:456,9,0,-
DA:458,0
DA:461,0
DA:464,0
DA:466,0
DA:469,0
DA:471,0
DA:478,0
FN:478,Math._zeroBytes
FNDA:0,Math._zeroBytes
DA:479,0
DA:480,0
DA:483,0
DA:485,0
BRDA:485,10,0,-
DA:486,0
DA:489,0
DA:499,0
FN:499,Math.sqrt.0
FNDA:0,Math.sqrt.0
DA:502,0
BRDA:502,11,0,-
DA:503,0
DA:518,0
DA:519,0
DA:521,0
BRDA:521,12,0,-
DA:522,0
DA:523,0
DA:525,0
BRDA:525,13,0,-
DA:526,0
DA:527,0
DA:529,0
BRDA:529,14,0,-
DA:530,0
DA:531,0
DA:533,0
BRDA:533,15,0,-
DA:534,0
DA:535,0
DA:537,0
BRDA:537,16,0,-
DA:538,0
DA:539,0
DA:541,0
BRDA:541,17,0,-
DA:542,0
DA:543,0
DA:545,0
BRDA:545,18,0,-
DA:546,0
DA:554,0
DA:591,0
DA:592,0
DA:593,0
DA:594,0
DA:595,0
DA:596,0
DA:601,0
DA:608,0
FN:608,Math.sqrt.1
FNDA:0,Math.sqrt.1
DA:610,0
DA:611,0
DA:619,0
FN:619,Math.log2.0
FNDA:0,Math.log2.0
DA:621,0
DA:623,0
DA:625,0
DA:627,0
DA:629,0
DA:631,0
DA:656,0
DA:664,0
FN:664,Math.log2.1
FNDA:0,Math.log2.1
DA:666,0
DA:667,0
DA:675,0
FN:675,Math.log10.0
FNDA:0,Math.log10.0
DA:676,0
DA:678,0
BRDA:678,19,0,-
DA:679,0
DA:680,0
DA:682,0
BRDA:682,20,0,-
DA:683,0
DA:684,0
DA:686,0
BRDA:686,21,0,-
DA:687,0
DA:688,0
DA:690,0
BRDA:690,22,0,-
DA:691,0
DA:692,0
DA:694,0
BRDA:694,23,0,-
DA:695,0
DA:696,0
DA:698,0
BRDA:698,24,0,-
DA:699,0
DA:700,0
DA:702,0
BRDA:702,25,0,-
DA:703,0
DA:706,0
DA:713,0
FN:713,Math.log10.1
FNDA:0,Math.log10.1
DA:715,0
DA:716,0
DA:726,0
FN:726,Math.log256.0
FNDA:0,Math.log256.0
DA:728,0
DA:730,0
DA:732,0
DA:734,0
DA:736,0
DA:743,0
FN:743,Math.log256.1
FNDA:0,Math.log256.1
DA:745,0
DA:746,0
DA:753,0
FN:753,Math.unsignedRoundsUp
FNDA:0,Math.unsignedRoundsUp
DA:754,0
DA:760,0
FN:760,Math.clz
FNDA:0,Math.clz
DA:761,0
FNF:36
FNH:0
LF:215
LH:0
BRF:26
BRH:0
end_of_record
TN:
SF:node_modules/@openzeppelin/contracts/utils/math/SafeCast.sol
DA:50,0
FN:50,SafeCast.toUint248
FNDA:0,SafeCast.toUint248
DA:51,0
BRDA:51,0,0,-
DA:52,0
DA:54,0
DA:67,0
FN:67,SafeCast.toUint240
FNDA:0,SafeCast.toUint240
DA:68,0
BRDA:68,1,0,-
DA:69,0
DA:71,0
DA:84,0
FN:84,SafeCast.toUint232
FNDA:0,SafeCast.toUint232
DA:85,0
BRDA:85,2,0,-
DA:86,0
DA:88,0
DA:101,0
FN:101,SafeCast.toUint224
FNDA:0,SafeCast.toUint224
DA:102,0
BRDA:102,3,0,-
DA:103,0
DA:105,0
DA:118,0
FN:118,SafeCast.toUint216
FNDA:0,SafeCast.toUint216
DA:119,0
BRDA:119,4,0,-
DA:120,0
DA:122,0
DA:135,0
FN:135,SafeCast.toUint208
FNDA:0,SafeCast.toUint208
DA:136,0
BRDA:136,5,0,-
DA:137,0
DA:139,0
DA:152,0
FN:152,SafeCast.toUint200
FNDA:0,SafeCast.toUint200
DA:153,0
BRDA:153,6,0,-
DA:154,0
DA:156,0
DA:169,0
FN:169,SafeCast.toUint192
FNDA:0,SafeCast.toUint192
DA:170,0
BRDA:170,7,0,-
DA:171,0
DA:173,0
DA:186,0
FN:186,SafeCast.toUint184
FNDA:0,SafeCast.toUint184
DA:187,0
BRDA:187,8,0,-
DA:188,0
DA:190,0
DA:203,0
FN:203,SafeCast.toUint176
FNDA:0,SafeCast.toUint176
DA:204,0
BRDA:204,9,0,-
DA:205,0
DA:207,0
DA:220,0
FN:220,SafeCast.toUint168
FNDA:0,SafeCast.toUint168
DA:221,0
BRDA:221,10,0,-
DA:222,0
DA:224,0
DA:237,0
FN:237,SafeCast.toUint160
FNDA:0,SafeCast.toUint160
DA:238,0
BRDA:238,11,0,-
DA:239,0
DA:241,0
DA:254,0
FN:254,SafeCast.toUint152
FNDA:0,SafeCast.toUint152
DA:255,0
BRDA:255,12,0,-
DA:256,0
DA:258,0
DA:271,0
FN:271,SafeCast.toUint144
FNDA:0,SafeCast.toUint144
DA:272,0
BRDA:272,13,0,-
DA:273,0
DA:275,0
DA:288,0
FN:288,SafeCast.toUint136
FNDA:0,SafeCast.toUint136
DA:289,0
BRDA:289,14,0,-
DA:290,0
DA:292,0
DA:305,0
FN:305,SafeCast.toUint128
FNDA:0,SafeCast.toUint128
DA:306,0
BRDA:306,15,0,-
DA:307,0
DA:309,0
DA:322,0
FN:322,SafeCast.toUint120
FNDA:0,SafeCast.toUint120
DA:323,0
BRDA:323,16,0,-
DA:324,0
DA:326,0
DA:339,0
FN:339,SafeCast.toUint112
FNDA:0,SafeCast.toUint112
DA:340,0
BRDA:340,17,0,-
DA:341,0
DA:343,0
DA:356,0
FN:356,SafeCast.toUint104
FNDA:0,SafeCast.toUint104
DA:357,0
BRDA:357,18,0,-
DA:358,0
DA:360,0
DA:373,0
FN:373,SafeCast.toUint96
FNDA:0,SafeCast.toUint96
DA:374,0
BRDA:374,19,0,-
DA:375,0
DA:377,0
DA:390,0
FN:390,SafeCast.toUint88
FNDA:0,SafeCast.toUint88
DA:391,0
BRDA:391,20,0,-
DA:392,0
DA:394,0
DA:407,0
FN:407,SafeCast.toUint80
FNDA:0,SafeCast.toUint80
DA:408,0
BRDA:408,21,0,-
DA:409,0
DA:411,0
DA:424,0
FN:424,SafeCast.toUint72
FNDA:0,SafeCast.toUint72
DA:425,0
BRDA:425,22,0,-
DA:426,0
DA:428,0
DA:441,0
FN:441,SafeCast.toUint64
FNDA:0,SafeCast.toUint64
DA:442,0
BRDA:442,23,0,-
DA:443,0
DA:445,0
DA:458,0
FN:458,SafeCast.toUint56
FNDA:0,SafeCast.toUint56
DA:459,0
BRDA:459,24,0,-
DA:460,0
DA:462,0
DA:475,0
FN:475,SafeCast.toUint48
FNDA:0,SafeCast.toUint48
DA:476,0
BRDA:476,25,0,-
DA:477,0
DA:479,0
DA:492,0
FN:492,SafeCast.toUint40
FNDA:0,SafeCast.toUint40
DA:493,0
BRDA:493,26,0,-
DA:494,0
DA:496,0
DA:509,0
FN:509,SafeCast.toUint32
FNDA:0,SafeCast.toUint32
DA:510,0
BRDA:510,27,0,-
DA:511,0
DA:513,0
DA:526,0
FN:526,SafeCast.toUint24
FNDA:0,SafeCast.toUint24
DA:527,0
BRDA:527,28,0,-
DA:528,0
DA:530,0
DA:543,0
FN:543,SafeCast.toUint16
FNDA:0,SafeCast.toUint16
DA:544,0
BRDA:544,29,0,-
DA:545,0
DA:547,0
DA:560,0
FN:560,SafeCast.toUint8
FNDA:0,SafeCast.toUint8
DA:561,0
BRDA:561,30,0,-
DA:562,0
DA:564,0
DA:574,0
FN:574,SafeCast.toUint256
FNDA:0,SafeCast.toUint256
DA:575,0
BRDA:575,31,0,-
DA:576,0
DA:578,0
DA:592,0
FN:592,SafeCast.toInt248
FNDA:0,SafeCast.toInt248
DA:593,0
DA:594,0
BRDA:594,32,0,-
DA:595,0
DA:610,0
FN:610,SafeCast.toInt240
FNDA:0,SafeCast.toInt240
DA:611,0
DA:612,0
BRDA:612,33,0,-
DA:613,0
DA:628,0
FN:628,SafeCast.toInt232
FNDA:0,SafeCast.toInt232
DA:629,0
DA:630,0
BRDA:630,34,0,-
DA:631,0
DA:646,0
FN:646,SafeCast.toInt224
FNDA:0,SafeCast.toInt224
DA:647,0
DA:648,0
BRDA:648,35,0,-
DA:649,0
DA:664,0
FN:664,SafeCast.toInt216
FNDA:0,SafeCast.toInt216
DA:665,0
DA:666,0
BRDA:666,36,0,-
DA:667,0
DA:682,0
FN:682,SafeCast.toInt208
FNDA:0,SafeCast.toInt208
DA:683,0
DA:684,0
BRDA:684,37,0,-
DA:685,0
DA:700,0
FN:700,SafeCast.toInt200
FNDA:0,SafeCast.toInt200
DA:701,0
DA:702,0
BRDA:702,38,0,-
DA:703,0
DA:718,0
FN:718,SafeCast.toInt192
FNDA:0,SafeCast.toInt192
DA:719,0
DA:720,0
BRDA:720,39,0,-
DA:721,0
DA:736,0
FN:736,SafeCast.toInt184
FNDA:0,SafeCast.toInt184
DA:737,0
DA:738,0
BRDA:738,40,0,-
DA:739,0
DA:754,0
FN:754,SafeCast.toInt176
FNDA:0,SafeCast.toInt176
DA:755,0
DA:756,0
BRDA:756,41,0,-
DA:757,0
DA:772,0
FN:772,SafeCast.toInt168
FNDA:0,SafeCast.toInt168
DA:773,0
DA:774,0
BRDA:774,42,0,-
DA:775,0
DA:790,0
FN:790,SafeCast.toInt160
FNDA:0,SafeCast.toInt160
DA:791,0
DA:792,0
BRDA:792,43,0,-
DA:793,0
DA:808,0
FN:808,SafeCast.toInt152
FNDA:0,SafeCast.toInt152
DA:809,0
DA:810,0
BRDA:810,44,0,-
DA:811,0
DA:826,0
FN:826,SafeCast.toInt144
FNDA:0,SafeCast.toInt144
DA:827,0
DA:828,0
BRDA:828,45,0,-
DA:829,0
DA:844,0
FN:844,SafeCast.toInt136
FNDA:0,SafeCast.toInt136
DA:845,0
DA:846,0
BRDA:846,46,0,-
DA:847,0
DA:862,0
FN:862,SafeCast.toInt128
FNDA:0,SafeCast.toInt128
DA:863,0
DA:864,0
BRDA:864,47,0,-
DA:865,0
DA:880,0
FN:880,SafeCast.toInt120
FNDA:0,SafeCast.toInt120
DA:881,0
DA:882,0
BRDA:882,48,0,-
DA:883,0
DA:898,0
FN:898,SafeCast.toInt112
FNDA:0,SafeCast.toInt112
DA:899,0
DA:900,0
BRDA:900,49,0,-
DA:901,0
DA:916,0
FN:916,SafeCast.toInt104
FNDA:0,SafeCast.toInt104
DA:917,0
DA:918,0
BRDA:918,50,0,-
DA:919,0
DA:934,0
FN:934,SafeCast.toInt96
FNDA:0,SafeCast.toInt96
DA:935,0
DA:936,0
BRDA:936,51,0,-
DA:937,0
DA:952,0
FN:952,SafeCast.toInt88
FNDA:0,SafeCast.toInt88
DA:953,0
DA:954,0
BRDA:954,52,0,-
DA:955,0
DA:970,0
FN:970,SafeCast.toInt80
FNDA:0,SafeCast.toInt80
DA:971,0
DA:972,0
BRDA:972,53,0,-
DA:973,0
DA:988,0
FN:988,SafeCast.toInt72
FNDA:0,SafeCast.toInt72
DA:989,0
DA:990,0
BRDA:990,54,0,-
DA:991,0
DA:1006,0
FN:1006,SafeCast.toInt64
FNDA:0,SafeCast.toInt64
DA:1007,0
DA:1008,0
BRDA:1008,55,0,-
DA:1009,0
DA:1024,0
FN:1024,SafeCast.toInt56
FNDA:0,SafeCast.toInt56
DA:1025,0
DA:1026,0
BRDA:1026,56,0,-
DA:1027,0
DA:1042,0
FN:1042,SafeCast.toInt48
FNDA:0,SafeCast.toInt48
DA:1043,0
DA:1044,0
BRDA:1044,57,0,-
DA:1045,0
DA:1060,0
FN:1060,SafeCast.toInt40
FNDA:0,SafeCast.toInt40
DA:1061,0
DA:1062,0
BRDA:1062,58,0,-
DA:1063,0
DA:1078,0
FN:1078,SafeCast.toInt32
FNDA:0,SafeCast.toInt32
DA:1079,0
DA:1080,0
BRDA:1080,59,0,-
DA:1081,0
DA:1096,0
FN:1096,SafeCast.toInt24
FNDA:0,SafeCast.toInt24
DA:1097,0
DA:1098,0
BRDA:1098,60,0,-
DA:1099,0
DA:1114,0
FN:1114,SafeCast.toInt16
FNDA:0,SafeCast.toInt16
DA:1115,0
DA:1116,0
BRDA:1116,61,0,-
DA:1117,0
DA:1132,0
FN:1132,SafeCast.toInt8
FNDA:0,SafeCast.toInt8
DA:1133,0
DA:1134,0
BRDA:1134,62,0,-
DA:1135,0
DA:1146,0
FN:1146,SafeCast.toInt256
FNDA:0,SafeCast.toInt256
DA:1148,0
BRDA:1148,63,0,-
DA:1149,0
DA:1151,0
DA:1157,0
FN:1157,SafeCast.toUint
FNDA:0,SafeCast.toUint
DA:1159,0
FNF:65
FNH:0
LF:258
LH:0
BRF:64
BRH:0
end_of_record
TN:
SF:node_modules/@openzeppelin/contracts/utils/math/SignedMath.sol
DA:19,0
FN:19,SignedMath.ternary
FNDA:0,SignedMath.ternary
DA:24,0
DA:31,0
FN:31,SignedMath.max
FNDA:0,SignedMath.max
DA:32,0
DA:38,0
FN:38,SignedMath.min
FNDA:0,SignedMath.min
DA:39,0
DA:46,0
FN:46,SignedMath.average
FNDA:0,SignedMath.average
DA:48,0
DA:49,0
DA:55,0
FN:55,SignedMath.abs
FNDA:0,SignedMath.abs
DA:62,0
DA:65,0
FNF:5
FNH:0
LF:12
LH:0
BRF:0
BRH:0
end_of_record
TN:
SF:node_modules/@openzeppelin/contracts-upgradeable/access/Ownable2StepUpgradeable.sol
DA:21,24
FN:21,Ownable2StepUpgradeable.__Ownable2Step_init
FNDA:24,Ownable2StepUpgradeable.__Ownable2Step_init
DA:22,24
DA:25,0
FN:25,Ownable2StepUpgradeable.__Ownable2Step_init_unchained
FNDA:0,Ownable2StepUpgradeable.__Ownable2Step_init_unchained
DA:34,0
FN:34,Ownable2StepUpgradeable.pendingOwner
FNDA:0,Ownable2StepUpgradeable.pendingOwner
DA:35,0
DA:42,0
FN:42,Ownable2StepUpgradeable.transferOwnership
FNDA:0,Ownable2StepUpgradeable.transferOwnership
DA:43,0
DA:44,0
DA:51,24
FN:51,Ownable2StepUpgradeable._transferOwnership
FNDA:24,Ownable2StepUpgradeable._transferOwnership
DA:53,24
DA:59,0
FN:59,Ownable2StepUpgradeable.acceptOwnership
FNDA:0,Ownable2StepUpgradeable.acceptOwnership
DA:60,0
DA:61,0
BRDA:61,0,0,-
BRDA:61,0,1,-
DA:62,0
FNF:6
FNH:2
LF:14
LH:4
BRF:2
BRH:0
end_of_record
TN:
SF:node_modules/@openzeppelin/contracts-upgradeable/access/OwnableUpgradeable.sol
DA:29,0
FN:29,OwnableUpgradeable.__Ownable_init
FNDA:0,OwnableUpgradeable.__Ownable_init
DA:30,0
DA:33,24
FN:33,OwnableUpgradeable.__Ownable_init_unchained
FNDA:24,OwnableUpgradeable.__Ownable_init_unchained
DA:34,24
DA:40,0
FN:40,OwnableUpgradeable.onlyOwner
FNDA:0,OwnableUpgradeable.onlyOwner
DA:41,0
DA:48,0
FN:48,OwnableUpgradeable.owner
FNDA:0,OwnableUpgradeable.owner
DA:49,0
DA:55,0
FN:55,OwnableUpgradeable._checkOwner
FNDA:0,OwnableUpgradeable._checkOwner
DA:56,0
BRDA:56,0,0,-
BRDA:56,0,1,-
DA:66,0
FN:66,OwnableUpgradeable.renounceOwnership
FNDA:0,OwnableUpgradeable.renounceOwnership
DA:67,0
DA:74,0
FN:74,OwnableUpgradeable.transferOwnership
FNDA:0,OwnableUpgradeable.transferOwnership
DA:75,0
BRDA:75,1,0,-
BRDA:75,1,1,-
DA:76,0
DA:83,24
FN:83,OwnableUpgradeable._transferOwnership
FNDA:24,OwnableUpgradeable._transferOwnership
DA:84,24
DA:85,24
DA:86,24
FNF:8
FNH:2
LF:19
LH:6
BRF:4
BRH:0
end_of_record
TN:
SF:node_modules/@openzeppelin/contracts-upgradeable/proxy/utils/Initializable.sol
DA:83,71
FN:83,Initializable.initializer
FNDA:71,Initializable.initializer
DA:84,71
DA:85,71
BRDA:85,0,0,-
BRDA:85,0,1,71
DA:89,71
DA:90,71
BRDA:90,1,0,71
DA:91,71
DA:94,71
BRDA:94,2,0,71
DA:95,71
DA:96,71
DA:118,0
FN:118,Initializable.reinitializer
FNDA:0,Initializable.reinitializer
DA:119,0
BRDA:119,3,0,-
BRDA:119,3,1,-
DA:120,0
DA:121,0
DA:123,0
DA:124,0
DA:131,71
FN:131,Initializable.onlyInitializing
FNDA:71,Initializable.onlyInitializing
DA:132,71
BRDA:132,4,0,-
BRDA:132,4,1,71
DA:144,73
FN:144,Initializable._disableInitializers
FNDA:73,Initializable._disableInitializers
DA:145,73
BRDA:145,5,0,-
BRDA:145,5,1,73
DA:146,73
BRDA:146,6,0,73
DA:147,73
DA:148,73
DA:155,0
FN:155,Initializable._getInitializedVersion
FNDA:0,Initializable._getInitializedVersion
DA:156,0
DA:162,0
FN:162,Initializable._isInitializing
FNDA:0,Initializable._isInitializing
DA:163,0
FNF:6
FNH:3
LF:26
LH:16
BRF:11
BRH:6
end_of_record
TN:
SF:node_modules/@openzeppelin/contracts-upgradeable/security/ReentrancyGuardUpgradeable.sol
DA:40,71
FN:40,ReentrancyGuardUpgradeable.__ReentrancyGuard_init
FNDA:71,ReentrancyGuardUpgradeable.__ReentrancyGuard_init
DA:41,71
DA:44,71
FN:44,ReentrancyGuardUpgradeable.__ReentrancyGuard_init_unchained
FNDA:71,ReentrancyGuardUpgradeable.__ReentrancyGuard_init_unchained
DA:45,71
DA:55,21
FN:55,ReentrancyGuardUpgradeable.nonReentrant
FNDA:21,ReentrancyGuardUpgradeable.nonReentrant
DA:56,21
DA:58,16
DA:61,102
FN:61,ReentrancyGuardUpgradeable._nonReentrantBefore
FNDA:102,ReentrancyGuardUpgradeable._nonReentrantBefore
DA:63,102
BRDA:63,0,0,-
BRDA:63,0,1,102
DA:66,102
DA:69,91
FN:69,ReentrancyGuardUpgradeable._nonReentrantAfter
FNDA:91,ReentrancyGuardUpgradeable._nonReentrantAfter
DA:72,91
FNF:5
FNH:5
LF:12
LH:12
BRF:2
BRH:1
end_of_record
TN:
SF:node_modules/@openzeppelin/contracts-upgradeable/token/ERC20/ERC20Upgradeable.sol
DA:55,47
FN:55,ERC20Upgradeable.__ERC20_init
FNDA:47,ERC20Upgradeable.__ERC20_init
DA:56,47
DA:59,47
FN:59,ERC20Upgradeable.__ERC20_init_unchained
FNDA:47,ERC20Upgradeable.__ERC20_init_unchained
DA:60,47
DA:61,47
DA:67,0
FN:67,ERC20Upgradeable.name
FNDA:0,ERC20Upgradeable.name
DA:68,0
DA:75,0
FN:75,ERC20Upgradeable.symbol
FNDA:0,ERC20Upgradeable.symbol
DA:76,0
DA:92,0
FN:92,ERC20Upgradeable.decimals
FNDA:0,ERC20Upgradeable.decimals
DA:93,0
DA:99,0
FN:99,ERC20Upgradeable.totalSupply
FNDA:0,ERC20Upgradeable.totalSupply
DA:100,27
DA:106,3
FN:106,ERC20Upgradeable.balanceOf
FNDA:3,ERC20Upgradeable.balanceOf
DA:107,5
DA:118,0
FN:118,ERC20Upgradeable.transfer
FNDA:0,ERC20Upgradeable.transfer
DA:119,0
DA:120,0
DA:121,0
DA:127,0
FN:127,ERC20Upgradeable.allowance
FNDA:0,ERC20Upgradeable.allowance
DA:128,0
DA:141,0
FN:141,ERC20Upgradeable.approve
FNDA:0,ERC20Upgradeable.approve
DA:142,0
DA:143,0
DA:144,0
DA:163,0
FN:163,ERC20Upgradeable.transferFrom
FNDA:0,ERC20Upgradeable.transferFrom
DA:168,0
DA:169,0
DA:170,0
DA:171,0
DA:186,0
FN:186,ERC20Upgradeable.increaseAllowance
FNDA:0,ERC20Upgradeable.increaseAllowance
DA:187,0
DA:188,0
DA:189,0
DA:206,0
FN:206,ERC20Upgradeable.decreaseAllowance
FNDA:0,ERC20Upgradeable.decreaseAllowance
DA:207,0
DA:208,0
DA:209,0
BRDA:209,0,0,-
BRDA:209,0,1,-
DA:211,0
DA:214,0
DA:231,0
FN:231,ERC20Upgradeable._transfer
FNDA:0,ERC20Upgradeable._transfer
DA:236,0
BRDA:236,1,0,-
BRDA:236,1,1,-
DA:237,0
BRDA:237,2,0,-
BRDA:237,2,1,-
DA:239,0
DA:241,0
DA:242,0
BRDA:242,3,0,-
BRDA:242,3,1,-
DA:244,0
DA:247,0
DA:250,0
DA:252,0
DA:264,23
FN:264,ERC20Upgradeable._mint
FNDA:23,ERC20Upgradeable._mint
DA:265,23
BRDA:265,4,0,-
BRDA:265,4,1,23
DA:267,23
DA:269,23
DA:272,23
DA:274,23
DA:276,23
DA:290,2
FN:290,ERC20Upgradeable._burn
FNDA:2,ERC20Upgradeable._burn
DA:291,2
BRDA:291,5,0,-
BRDA:291,5,1,2
DA:293,2
DA:295,2
DA:296,2
BRDA:296,6,0,-
BRDA:296,6,1,2
DA:298,2
DA:300,2
DA:303,2
DA:305,2
DA:321,0
FN:321,ERC20Upgradeable._approve
FNDA:0,ERC20Upgradeable._approve
DA:326,0
BRDA:326,7,0,-
BRDA:326,7,1,-
DA:327,0
BRDA:327,8,0,-
BRDA:327,8,1,-
DA:329,0
DA:330,0
DA:341,0
FN:341,ERC20Upgradeable._spendAllowance
FNDA:0,ERC20Upgradeable._spendAllowance
DA:346,0
DA:347,0
BRDA:347,9,0,-
DA:348,0
BRDA:348,10,0,-
BRDA:348,10,1,-
DA:350,0
DA:369,25
FN:369,ERC20Upgradeable._beforeTokenTransfer
FNDA:25,ERC20Upgradeable._beforeTokenTransfer
DA:389,25
FN:389,ERC20Upgradeable._afterTokenTransfer
FNDA:25,ERC20Upgradeable._afterTokenTransfer
FNF:20
FNH:7
LF:78
LH:26
BRF:21
BRH:3
end_of_record
TN:
SF:node_modules/@openzeppelin/contracts-upgradeable/token/ERC20/extensions/ERC4626Upgradeable.sol
DA:40,47
FN:40,ERC4626Upgradeable.__ERC4626_init
FNDA:47,ERC4626Upgradeable.__ERC4626_init
DA:41,47
DA:44,47
FN:44,ERC4626Upgradeable.__ERC4626_init_unchained
FNDA:47,ERC4626Upgradeable.__ERC4626_init_unchained
DA:45,47
DA:46,47
DA:47,47
DA:53,47
FN:53,ERC4626Upgradeable._tryGetAssetDecimals
FNDA:47,ERC4626Upgradeable._tryGetAssetDecimals
DA:54,47
DA:57,47
BRDA:57,0,0,47
DA:58,47
DA:59,47
BRDA:59,1,0,47
DA:60,47
DA:63,0
DA:72,0
FN:72,ERC4626Upgradeable.decimals
FNDA:0,ERC4626Upgradeable.decimals
DA:73,0
DA:77,0
FN:77,ERC4626Upgradeable.asset
FNDA:0,ERC4626Upgradeable.asset
DA:78,0
DA:82,4
FN:82,ERC4626Upgradeable.totalAssets
FNDA:4,ERC4626Upgradeable.totalAssets
DA:83,4
DA:87,0
FN:87,ERC4626Upgradeable.convertToShares
FNDA:0,ERC4626Upgradeable.convertToShares
DA:88,0
DA:92,0
FN:92,ERC4626Upgradeable.convertToAssets
FNDA:0,ERC4626Upgradeable.convertToAssets
DA:93,0
DA:97,0
FN:97,ERC4626Upgradeable.maxDeposit
FNDA:0,ERC4626Upgradeable.maxDeposit
DA:98,0
DA:102,0
FN:102,ERC4626Upgradeable.maxMint
FNDA:0,ERC4626Upgradeable.maxMint
DA:103,1
DA:107,1
FN:107,ERC4626Upgradeable.maxWithdraw
FNDA:1,ERC4626Upgradeable.maxWithdraw
DA:108,1
DA:112,1
FN:112,ERC4626Upgradeable.maxRedeem
FNDA:1,ERC4626Upgradeable.maxRedeem
DA:113,1
DA:117,0
FN:117,ERC4626Upgradeable.previewDeposit
FNDA:0,ERC4626Upgradeable.previewDeposit
DA:118,22
DA:122,0
FN:122,ERC4626Upgradeable.previewMint
FNDA:0,ERC4626Upgradeable.previewMint
DA:123,2
DA:127,0
FN:127,ERC4626Upgradeable.previewWithdraw
FNDA:0,ERC4626Upgradeable.previewWithdraw
DA:128,1
DA:132,0
FN:132,ERC4626Upgradeable.previewRedeem
FNDA:0,ERC4626Upgradeable.previewRedeem
DA:133,1
DA:137,22
FN:137,ERC4626Upgradeable.deposit
FNDA:22,ERC4626Upgradeable.deposit
DA:138,22
BRDA:138,2,0,-
BRDA:138,2,1,22
DA:140,22
DA:141,22
DA:143,22
DA:151,1
FN:151,ERC4626Upgradeable.mint
FNDA:1,ERC4626Upgradeable.mint
DA:152,1
BRDA:152,3,0,-
BRDA:152,3,1,1
DA:154,1
DA:155,1
DA:157,1
DA:161,1
FN:161,ERC4626Upgradeable.withdraw
FNDA:1,ERC4626Upgradeable.withdraw
DA:166,1
BRDA:166,4,0,-
BRDA:166,4,1,1
DA:168,1
DA:169,1
DA:171,1
DA:175,1
FN:175,ERC4626Upgradeable.redeem
FNDA:1,ERC4626Upgradeable.redeem
DA:180,1
BRDA:180,5,0,-
BRDA:180,5,1,1
DA:182,1
DA:183,1
DA:185,1
DA:194,23
FN:194,ERC4626Upgradeable._convertToShares
FNDA:23,ERC4626Upgradeable._convertToShares
DA:195,23
DA:196,23
DA:197,23
DA:207,22
FN:207,ERC4626Upgradeable._initialConvertToShares
FNDA:22,ERC4626Upgradeable._initialConvertToShares
DA:211,22
DA:217,4
FN:217,ERC4626Upgradeable._convertToAssets
FNDA:4,ERC4626Upgradeable._convertToAssets
DA:218,4
DA:219,4
DA:220,4
DA:228,2
FN:228,ERC4626Upgradeable._initialConvertToAssets
FNDA:2,ERC4626Upgradeable._initialConvertToAssets
DA:232,2
DA:238,23
FN:238,ERC4626Upgradeable._deposit
FNDA:23,ERC4626Upgradeable._deposit
DA:251,23
DA:252,23
DA:254,23
DA:260,2
FN:260,ERC4626Upgradeable._withdraw
FNDA:2,ERC4626Upgradeable._withdraw
DA:267,2
BRDA:267,6,0,-
DA:268,0
DA:277,2
DA:278,2
DA:280,2
DA:286,0
FN:286,ERC4626Upgradeable._isVaultCollateralized
FNDA:0,ERC4626Upgradeable._isVaultCollateralized
DA:287,0
FNF:27
FNH:16
LF:83
LH:64
BRF:11
BRH:6
end_of_record
TN:
SF:node_modules/@openzeppelin/contracts-upgradeable/token/ERC20/utils/SafeERC20Upgradeable.sol
DA:22,2
FN:22,SafeERC20Upgradeable.safeTransfer
FNDA:2,SafeERC20Upgradeable.safeTransfer
DA:27,2
DA:30,23
FN:30,SafeERC20Upgradeable.safeTransferFrom
FNDA:23,SafeERC20Upgradeable.safeTransferFrom
DA:36,23
DA:46,0
FN:46,SafeERC20Upgradeable.safeApprove
FNDA:0,SafeERC20Upgradeable.safeApprove
DA:54,0
BRDA:54,0,0,-
BRDA:54,0,1,-
DA:58,0
DA:61,0
FN:61,SafeERC20Upgradeable.safeIncreaseAllowance
FNDA:0,SafeERC20Upgradeable.safeIncreaseAllowance
DA:66,0
DA:67,0
DA:70,0
FN:70,SafeERC20Upgradeable.safeDecreaseAllowance
FNDA:0,SafeERC20Upgradeable.safeDecreaseAllowance
DA:76,0
DA:77,0
BRDA:77,1,0,-
BRDA:77,1,1,-
DA:78,0
DA:79,0
DA:83,0
FN:83,SafeERC20Upgradeable.safePermit
FNDA:0,SafeERC20Upgradeable.safePermit
DA:93,0
DA:94,0
DA:95,0
DA:96,0
BRDA:96,2,0,-
BRDA:96,2,1,-
DA:105,25
FN:105,SafeERC20Upgradeable._callOptionalReturn
FNDA:25,SafeERC20Upgradeable._callOptionalReturn
DA:110,25
DA:111,25
BRDA:111,3,0,25
DA:113,25
BRDA:113,4,0,-
BRDA:113,4,1,25
FNF:7
FNH:3
LF:24
LH:8
BRF:9
BRH:2
end_of_record
TN:
SF:node_modules/@openzeppelin/contracts-upgradeable/utils/AddressUpgradeable.sol
DA:36,0
FN:36,AddressUpgradeable.isContract
FNDA:0,AddressUpgradeable.isContract
DA:41,0
DA:60,0
FN:60,AddressUpgradeable.sendValue
FNDA:0,AddressUpgradeable.sendValue
DA:61,0
BRDA:61,0,0,-
BRDA:61,0,1,-
DA:63,0
DA:64,0
BRDA:64,1,0,-
BRDA:64,1,1,-
DA:85,0
FN:85,AddressUpgradeable.functionCall.0
FNDA:0,AddressUpgradeable.functionCall.0
DA:86,0
DA:95,25
FN:95,AddressUpgradeable.functionCall.1
FNDA:25,AddressUpgradeable.functionCall.1
DA:100,25
DA:114,0
FN:114,AddressUpgradeable.functionCallWithValue.0
FNDA:0,AddressUpgradeable.functionCallWithValue.0
DA:119,0
DA:128,25
FN:128,AddressUpgradeable.functionCallWithValue.1
FNDA:25,AddressUpgradeable.functionCallWithValue.1
DA:134,25
BRDA:134,2,0,-
BRDA:134,2,1,25
DA:135,25
DA:136,25
DA:145,0
FN:145,AddressUpgradeable.functionStaticCall.0
FNDA:0,AddressUpgradeable.functionStaticCall.0
DA:146,0
DA:155,0
FN:155,AddressUpgradeable.functionStaticCall.1
FNDA:0,AddressUpgradeable.functionStaticCall.1
DA:160,0
DA:161,0
DA:170,25
FN:170,AddressUpgradeable.verifyCallResultFromTarget
FNDA:25,AddressUpgradeable.verifyCallResultFromTarget
DA:176,25
BRDA:176,3,0,25
BRDA:176,3,1,-
DA:177,25
BRDA:177,4,0,-
DA:180,0
BRDA:180,5,0,-
BRDA:180,5,1,-
DA:182,25
DA:184,0
DA:194,0
FN:194,AddressUpgradeable.verifyCallResult
FNDA:0,AddressUpgradeable.verifyCallResult
DA:199,0
BRDA:199,6,0,-
BRDA:199,6,1,-
DA:200,0
DA:202,0
DA:206,0
FN:206,AddressUpgradeable._revert
FNDA:0,AddressUpgradeable._revert
DA:208,0
BRDA:208,7,0,-
BRDA:208,7,1,-
DA:212,0
DA:213,0
DA:216,0
FNF:11
FNH:3
LF:36
LH:10
BRF:15
BRH:2
end_of_record
TN:
SF:node_modules/@openzeppelin/contracts-upgradeable/utils/ContextUpgradeable.sol
DA:18,0
FN:18,ContextUpgradeable.__Context_init
FNDA:0,ContextUpgradeable.__Context_init
DA:21,0
FN:21,ContextUpgradeable.__Context_init_unchained
FNDA:0,ContextUpgradeable.__Context_init_unchained
DA:23,49
FN:23,ContextUpgradeable._msgSender
FNDA:49,ContextUpgradeable._msgSender
DA:24,49
DA:27,0
FN:27,ContextUpgradeable._msgData
FNDA:0,ContextUpgradeable._msgData
DA:28,0
FNF:4
FNH:1
LF:6
LH:2
BRF:0
BRH:0
end_of_record
TN:
SF:node_modules/@openzeppelin/contracts-upgradeable/utils/math/MathUpgradeable.sol
DA:19,0
FN:19,MathUpgradeable.max
FNDA:0,MathUpgradeable.max
DA:20,0
DA:26,0
FN:26,MathUpgradeable.min
FNDA:0,MathUpgradeable.min
DA:27,0
DA:34,0
FN:34,MathUpgradeable.average
FNDA:0,MathUpgradeable.average
DA:36,0
DA:45,0
FN:45,MathUpgradeable.ceilDiv
FNDA:0,MathUpgradeable.ceilDiv
DA:47,0
DA:55,3
FN:55,MathUpgradeable.mulDiv.0
FNDA:3,MathUpgradeable.mulDiv.0
DA:64,3
DA:65,3
DA:67,3
DA:68,3
DA:69,3
DA:73,3
BRDA:73,0,0,3
DA:74,3
DA:78,0
BRDA:78,1,0,-
BRDA:78,1,1,-
DA:85,0
DA:88,0
DA:91,0
DA:92,0
DA:99,0
DA:102,0
DA:105,0
DA:108,0
DA:112,0
DA:117,0
DA:121,0
DA:122,0
DA:123,0
DA:124,0
DA:125,0
DA:126,0
DA:132,0
DA:133,0
DA:140,3
FN:140,MathUpgradeable.mulDiv.1
FNDA:3,MathUpgradeable.mulDiv.1
DA:146,3
DA:147,3
BRDA:147,2,0,1
DA:148,1
DA:150,3
DA:158,0
FN:158,MathUpgradeable.sqrt.0
FNDA:0,MathUpgradeable.sqrt.0
DA:159,0
BRDA:159,3,0,-
DA:160,0
DA:173,0
DA:180,0
DA:181,0
DA:182,0
DA:183,0
DA:184,0
DA:185,0
DA:186,0
DA:187,0
DA:194,0
FN:194,MathUpgradeable.sqrt.1
FNDA:0,MathUpgradeable.sqrt.1
DA:196,0
DA:197,0
DA:205,0
FN:205,MathUpgradeable.log2.0
FNDA:0,MathUpgradeable.log2.0
DA:206,0
DA:208,0
BRDA:208,4,0,-
DA:209,0
DA:210,0
DA:212,0
BRDA:212,5,0,-
DA:213,0
DA:214,0
DA:216,0
BRDA:216,6,0,-
DA:217,0
DA:218,0
DA:220,0
BRDA:220,7,0,-
DA:221,0
DA:222,0
DA:224,0
BRDA:224,8,0,-
DA:225,0
DA:226,0
DA:228,0
BRDA:228,9,0,-
DA:229,0
DA:230,0
DA:232,0
BRDA:232,10,0,-
DA:233,0
DA:234,0
DA:236,0
BRDA:236,11,0,-
DA:237,0
DA:240,0
DA:247,0
FN:247,MathUpgradeable.log2.1
FNDA:0,MathUpgradeable.log2.1
DA:249,0
DA:250,0
DA:258,0
FN:258,MathUpgradeable.log10.0
FNDA:0,MathUpgradeable.log10.0
DA:259,0
DA:261,0
BRDA:261,12,0,-
DA:262,0
DA:263,0
DA:265,0
BRDA:265,13,0,-
DA:266,0
DA:267,0
DA:269,0
BRDA:269,14,0,-
DA:270,0
DA:271,0
DA:273,0
BRDA:273,15,0,-
DA:274,0
DA:275,0
DA:277,0
BRDA:277,16,0,-
DA:278,0
DA:279,0
DA:281,0
BRDA:281,17,0,-
DA:282,0
DA:283,0
DA:285,0
BRDA:285,18,0,-
DA:286,0
DA:289,0
DA:296,0
FN:296,MathUpgradeable.log10.1
FNDA:0,MathUpgradeable.log10.1
DA:298,0
DA:299,0
DA:309,0
FN:309,MathUpgradeable.log256.0
FNDA:0,MathUpgradeable.log256.0
DA:310,0
DA:312,0
BRDA:312,19,0,-
DA:313,0
DA:314,0
DA:316,0
BRDA:316,20,0,-
DA:317,0
DA:318,0
DA:320,0
BRDA:320,21,0,-
DA:321,0
DA:322,0
DA:324,0
BRDA:324,22,0,-
DA:325,0
DA:326,0
DA:328,0
BRDA:328,23,0,-
DA:329,0
DA:332,0
DA:339,0
FN:339,MathUpgradeable.log256.1
FNDA:0,MathUpgradeable.log256.1
DA:341,0
DA:342,0
FNF:14
FNH:2
LF:130
LH:13
BRF:25
BRH:2
end_of_record
TN:
SF:node_modules/@venusprotocol/governance-contracts/contracts/Governance/AccessControlledV8.sol
DA:32,24
FN:32,AccessControlledV8.__AccessControlled_init
FNDA:24,AccessControlledV8.__AccessControlled_init
DA:33,24
DA:34,24
DA:37,24
FN:37,AccessControlledV8.__AccessControlled_init_unchained
FNDA:24,AccessControlledV8.__AccessControlled_init_unchained
DA:38,24
DA:48,0
FN:48,AccessControlledV8.setAccessControlManager
FNDA:0,AccessControlledV8.setAccessControlManager
DA:49,0
DA:55,0
FN:55,AccessControlledV8.accessControlManager
FNDA:0,AccessControlledV8.accessControlManager
DA:56,0
DA:63,24
FN:63,AccessControlledV8._setAccessControlManager
FNDA:24,AccessControlledV8._setAccessControlManager
DA:64,24
BRDA:64,0,0,-
BRDA:64,0,1,24
DA:65,24
DA:66,24
DA:67,24
DA:74,57
FN:74,AccessControlledV8._checkAccessAllowed
FNDA:57,AccessControlledV8._checkAccessAllowed
DA:75,57
DA:77,57
BRDA:77,1,0,-
DA:78,0
FNF:6
FNH:4
LF:18
LH:13
BRF:3
BRH:1
end_of_record
TN:
SF:src/contracts/fixedRateLoanVault/FixedRateLoanVault.sol
DA:29,49
FN:29,FixedRateLoanVault.constructor
FNDA:49,FixedRateLoanVault.constructor
DA:30,49
DA:33,4
FN:33,FixedRateLoanVault.onlyInstitution
FNDA:4,FixedRateLoanVault.onlyInstitution
DA:34,4
BRDA:34,0,0,-
BRDA:34,0,1,3
DA:41,4
FN:41,FixedRateLoanVault.onlyController
FNDA:4,FixedRateLoanVault.onlyController
DA:42,4
BRDA:42,1,0,1
BRDA:42,1,1,3
DA:46,2
FN:46,FixedRateLoanVault.onlyLiquidationAdapter
FNDA:2,FixedRateLoanVault.onlyLiquidationAdapter
DA:47,2
BRDA:47,2,0,1
BRDA:47,2,1,1
DA:54,88
FN:54,FixedRateLoanVault._setVaultState
FNDA:88,FixedRateLoanVault._setVaultState
DA:55,88
DA:56,88
BRDA:56,3,0,-
DA:57,0
DA:59,88
DA:60,88
DA:64,145
FN:64,FixedRateLoanVault._checkAndAdvanceState
FNDA:145,FixedRateLoanVault._checkAndAdvanceState
DA:65,145
DA:68,145
BRDA:68,4,0,51
DA:69,51
BRDA:69,5,0,4
DA:70,4
BRDA:70,6,0,1
BRDA:70,6,1,3
DA:71,1
DA:74,3
DA:75,3
DA:76,3
DA:78,4
DA:82,47
BRDA:82,7,0,16
DA:83,16
DA:84,16
DA:85,16
DA:86,16
DA:91,125
BRDA:91,8,0,23
DA:92,23
BRDA:92,9,0,5
DA:94,5
DA:95,5
DA:96,5
DA:101,120
BRDA:101,10,0,5
DA:102,5
DA:104,5
BRDA:104,11,0,4
DA:105,4
DA:106,4
DA:109,1
BRDA:109,12,0,1
DA:110,1
DA:111,1
DA:116,115
BRDA:116,13,0,-
DA:117,0
DA:119,0
BRDA:119,14,0,-
DA:120,0
DA:121,0
DA:126,47
FN:126,FixedRateLoanVault.initialize
FNDA:47,FixedRateLoanVault.initialize
DA:137,47
DA:145,47
DA:147,47
DA:148,47
DA:149,47
DA:150,47
DA:151,47
DA:152,47
DA:153,47
DA:154,47
DA:155,47
DA:156,47
DA:157,47
DA:158,47
DA:159,47
DA:160,47
DA:161,0
DA:164,4
FN:164,FixedRateLoanVault._settleVault
FNDA:4,FixedRateLoanVault._settleVault
DA:167,4
BRDA:167,15,0,-
BRDA:167,15,1,4
DA:174,4
DA:179,4
DA:180,4
BRDA:180,16,0,-
BRDA:180,16,1,4
DA:183,4
DA:185,4
DA:190,4
DA:191,4
DA:194,4
BRDA:194,17,0,3
DA:196,3
DA:199,3
BRDA:199,18,0,3
DA:200,3
DA:202,3
BRDA:202,19,0,-
BRDA:202,19,1,3
DA:207,4
DA:211,2
FN:211,FixedRateLoanVault.totalAssets
FNDA:2,FixedRateLoanVault.totalAssets
DA:212,5
DA:216,5
DA:217,4
DA:218,4
DA:219,1
BRDA:219,20,0,1
DA:220,1
DA:225,4
BRDA:225,21,0,3
DA:226,3
DA:231,1
DA:235,3
FN:235,FixedRateLoanVault.maxDeposit
FNDA:3,FixedRateLoanVault.maxDeposit
DA:241,25
BRDA:241,22,0,2
DA:242,2
DA:245,23
BRDA:245,23,0,-
DA:246,0
DA:250,23
DA:254,1
FN:254,FixedRateLoanVault.maxWithdraw
FNDA:1,FixedRateLoanVault.maxWithdraw
DA:258,2
BRDA:258,24,0,1
DA:259,1
DA:262,1
DA:266,1
FN:266,FixedRateLoanVault.maxRedeem
FNDA:1,FixedRateLoanVault.maxRedeem
DA:270,2
BRDA:270,25,0,1
DA:271,1
DA:274,1
DA:277,26
FN:277,FixedRateLoanVault.openVault
FNDA:26,FixedRateLoanVault.openVault
DA:278,26
DA:279,26
BRDA:279,26,0,-
BRDA:279,26,1,26
DA:283,26
BRDA:283,27,0,-
BRDA:283,27,1,26
DA:287,26
DA:288,26
DA:293,23
FN:293,FixedRateLoanVault.deposit
FNDA:23,FixedRateLoanVault.deposit
DA:297,23
DA:298,23
DA:299,23
BRDA:299,28,0,1
BRDA:299,28,1,22
DA:300,22
DA:301,22
DA:302,22
DA:305,2
FN:305,FixedRateLoanVault.mint
FNDA:2,FixedRateLoanVault.mint
DA:309,2
DA:310,2
DA:311,2
BRDA:311,29,0,1
BRDA:311,29,1,1
DA:312,1
DA:313,1
DA:314,1
DA:317,1
FN:317,FixedRateLoanVault.withdraw
FNDA:1,FixedRateLoanVault.withdraw
DA:322,1
DA:323,1
DA:324,1
BRDA:324,30,0,-
BRDA:324,30,1,1
DA:328,1
DA:329,1
DA:332,1
FN:332,FixedRateLoanVault.redeem
FNDA:1,FixedRateLoanVault.redeem
DA:337,1
DA:338,1
DA:339,1
BRDA:339,31,0,-
BRDA:339,31,1,1
DA:343,1
DA:344,1
DA:349,35
FN:349,FixedRateLoanVault.depositCollateral
FNDA:35,FixedRateLoanVault.depositCollateral
DA:352,35
DA:353,35
DA:355,35
BRDA:355,32,0,1
BRDA:355,32,1,34
DA:359,34
BRDA:359,33,0,-
BRDA:359,33,1,34
DA:361,34
BRDA:361,34,0,-
BRDA:361,34,1,34
DA:366,34
DA:367,34
DA:373,34
BRDA:373,35,0,-
BRDA:373,35,1,34
DA:375,34
BRDA:375,36,0,31
DA:376,31
DA:377,31
DA:381,2
FN:381,FixedRateLoanVault.withdrawCollateral
FNDA:2,FixedRateLoanVault.withdrawCollateral
DA:384,2
DA:386,2
BRDA:386,37,0,2
BRDA:386,37,1,-
DA:387,2
DA:389,2
BRDA:389,38,0,-
BRDA:389,38,1,2
DA:392,2
DA:395,2
DA:399,2
BRDA:399,39,0,-
BRDA:399,39,1,2
DA:405,2
DA:406,2
BRDA:406,40,0,1
BRDA:406,40,1,1
DA:411,1
DA:412,1
DA:414,1
BRDA:414,41,0,-
BRDA:414,41,1,1
DA:416,1
DA:418,0
BRDA:418,42,0,-
BRDA:418,42,1,-
DA:425,0
BRDA:425,43,0,-
BRDA:425,43,1,-
DA:429,0
DA:431,0
DA:432,0
BRDA:432,44,0,-
BRDA:432,44,1,-
DA:434,0
DA:438,13
FN:438,FixedRateLoanVault.borrow
FNDA:13,FixedRateLoanVault.borrow
DA:439,13
DA:440,13
DA:442,13
BRDA:442,45,0,-
BRDA:442,45,1,13
DA:445,13
BRDA:445,46,0,-
BRDA:445,46,1,13
DA:450,13
DA:451,13
DA:453,13
BRDA:453,47,0,-
BRDA:453,47,1,13
DA:456,4
FN:456,FixedRateLoanVault.repay
FNDA:4,FixedRateLoanVault.repay
DA:457,4
DA:458,4
DA:461,4
BRDA:461,48,0,-
BRDA:461,48,1,4
DA:467,4
BRDA:467,49,0,-
BRDA:467,49,1,4
DA:471,4
DA:473,4
DA:478,4
BRDA:478,50,0,-
BRDA:478,50,1,4
DA:480,4
DA:483,3
FN:483,FixedRateLoanVault.closeFull
FNDA:3,FixedRateLoanVault.closeFull
DA:484,3
DA:486,3
BRDA:486,51,0,2
BRDA:486,51,1,1
DA:489,1
BRDA:489,52,0,-
BRDA:489,52,1,1
DA:491,1
DA:494,4
FN:494,FixedRateLoanVault.setCollateralFactor
FNDA:4,FixedRateLoanVault.setCollateralFactor
DA:495,3
BRDA:495,53,0,1
BRDA:495,53,1,2
DA:497,2
DA:500,4
FN:500,FixedRateLoanVault.setLiquidationThreshold
FNDA:4,FixedRateLoanVault.setLiquidationThreshold
DA:501,3
BRDA:501,54,0,1
BRDA:501,54,1,2
DA:503,2
DA:506,4
FN:506,FixedRateLoanVault.setLiquidationIncentive
FNDA:4,FixedRateLoanVault.setLiquidationIncentive
DA:507,3
BRDA:507,55,0,1
BRDA:507,55,1,2
DA:509,2
DA:512,4
FN:512,FixedRateLoanVault.setCloseFactor
FNDA:4,FixedRateLoanVault.setCloseFactor
DA:513,3
BRDA:513,56,0,1
BRDA:513,56,1,2
DA:515,2
DA:518,2
FN:518,FixedRateLoanVault.liquidate
FNDA:2,FixedRateLoanVault.liquidate
DA:521,1
DA:523,1
BRDA:523,57,0,-
BRDA:523,57,1,1
DA:524,0
DA:526,1
DA:527,0
DA:528,0
BRDA:528,58,0,-
DA:529,0
DA:532,1
BRDA:532,59,0,-
BRDA:532,59,1,1
DA:533,1
BRDA:533,60,0,-
BRDA:533,60,1,1
DA:539,1
DA:542,1
DA:546,1
BRDA:546,61,0,-
BRDA:546,61,1,1
DA:549,1
DA:553,1
DA:558,1
BRDA:558,62,0,-
BRDA:558,62,1,1
DA:561,1
DA:562,1
BRDA:562,63,0,-
DA:563,0
DA:567,1
DA:570,1
BRDA:570,64,0,-
DA:571,0
DA:575,1
DA:579,1
BRDA:579,65,0,-
BRDA:579,65,1,1
DA:583,1
DA:584,1
BRDA:584,66,0,-
DA:585,0
DA:588,1
DA:590,1
DA:591,1
DA:596,6
FN:596,FixedRateLoanVault.outstandingRepayment
FNDA:6,FixedRateLoanVault.outstandingRepayment
DA:599,10
DA:600,6
DA:601,0
BRDA:601,67,0,-
DA:602,0
DA:605,10
DA:606,10
DA:610,10
FNF:28
FNH:28
LF:240
LH:218
BRF:111
BRH:68
end_of_record
TN:
SF:src/contracts/liquidation/AccountLiquidityLib.sol
DA:10,7
FN:10,AccountLiquidityLib.getHypotheticalLiquidity
FNDA:7,AccountLiquidityLib.getHypotheticalLiquidity
DA:18,7
DA:21,7
DA:22,7
BRDA:22,0,0,7
BRDA:22,0,1,-
DA:23,7
DA:25,0
DA:29,7
DA:31,7
BRDA:31,1,0,5
BRDA:31,1,1,2
DA:32,5
DA:33,5
DA:35,2
DA:36,2
DA:41,2
FN:41,AccountLiquidityLib.getLiquidationShortfall
FNDA:2,AccountLiquidityLib.getLiquidationShortfall
DA:47,2
DA:49,2
BRDA:49,2,0,1
BRDA:49,2,1,1
DA:50,1
DA:52,1
DA:57,1
FN:57,AccountLiquidityLib.calculateSeizeAmount
FNDA:1,AccountLiquidityLib.calculateSeizeAmount
DA:65,1
BRDA:65,3,0,-
BRDA:65,3,1,1
DA:66,1
BRDA:66,4,0,-
BRDA:66,4,1,1
DA:70,1
BRDA:70,5,0,-
BRDA:70,5,1,1
DA:74,1
BRDA:74,6,0,-
BRDA:74,6,1,1
DA:75,1
BRDA:75,7,0,-
BRDA:75,7,1,1
DA:81,1
DA:84,1
DA:87,1
DA:90,1
FNF:3
FNH:3
LF:27
LH:26
BRF:16
BRH:10
end_of_record
TN:
SF:src/contracts/liquidation/LiquidationAdapter.sol
DA:34,8
FN:34,LiquidationAdapter.constructor
FNDA:8,LiquidationAdapter.constructor
DA:35,8
DA:38,5
FN:38,LiquidationAdapter.onlyWhitelisted
FNDA:5,LiquidationAdapter.onlyWhitelisted
DA:39,5
BRDA:39,0,0,1
BRDA:39,0,1,4
DA:43,8
FN:43,LiquidationAdapter.initialize
FNDA:8,LiquidationAdapter.initialize
DA:48,8
DA:49,8
DA:50,8
DA:51,8
DA:56,5
FN:56,LiquidationAdapter.liquidate
FNDA:5,LiquidationAdapter.liquidate
DA:61,4
DA:62,4
DA:67,4
BRDA:67,1,0,1
BRDA:67,1,1,3
DA:70,3
DA:74,3
DA:77,3
DA:78,3
DA:80,3
DA:83,3
DA:84,3
BRDA:84,2,0,1
BRDA:84,2,1,2
DA:87,2
DA:88,2
BRDA:88,3,0,1
BRDA:88,3,1,1
DA:90,1
DA:100,6
FN:100,LiquidationAdapter.setLiquidatorWhitelist
FNDA:6,LiquidationAdapter.setLiquidatorWhitelist
DA:101,6
DA:102,6
DA:103,6
DA:106,1
FN:106,LiquidationAdapter.setProtocolLiquidationShare
FNDA:1,LiquidationAdapter.setProtocolLiquidationShare
DA:107,1
DA:108,1
DA:109,1
DA:112,2
FN:112,LiquidationAdapter.isWhitelistedLiquidator
FNDA:2,LiquidationAdapter.isWhitelistedLiquidator
DA:115,2
FNF:7
FNH:7
LF:33
LH:33
BRF:8
BRH:8
end_of_record
TN:
SF:src/contracts/loanVaultBase/LoanVaultBase.sol
DA:37,47
FN:37,LoanVaultBase.__LoanVaultBase_init
FNDA:47,LoanVaultBase.__LoanVaultBase_init
DA:45,47
DA:46,47
DA:47,47
DA:48,47
DA:49,47
DA:50,47
DA:51,47
DA:52,47
DA:53,47
DA:60,0
FN:60,LoanVaultBase.calculateExpectedInterest
FNDA:0,LoanVaultBase.calculateExpectedInterest
DA:64,14
BRDA:64,0,0,-
DA:65,0
DA:69,14
DA:76,22
FN:76,LoanVaultBase.deposit
FNDA:22,LoanVaultBase.deposit
DA:80,22
BRDA:80,1,0,-
BRDA:80,1,1,22
DA:81,22
BRDA:81,2,0,-
BRDA:81,2,1,22
DA:86,22
DA:88,22
DA:89,22
DA:96,1
FN:96,LoanVaultBase.mint
FNDA:1,LoanVaultBase.mint
DA:100,1
BRDA:100,3,0,-
BRDA:100,3,1,1
DA:101,1
DA:102,1
BRDA:102,4,0,-
BRDA:102,4,1,1
DA:106,1
DA:107,1
DA:110,1
FN:110,LoanVaultBase.withdraw
FNDA:1,LoanVaultBase.withdraw
DA:115,1
BRDA:115,5,0,-
BRDA:115,5,1,1
DA:116,1
DA:119,1
FN:119,LoanVaultBase.redeem
FNDA:1,LoanVaultBase.redeem
DA:124,1
BRDA:124,6,0,-
BRDA:124,6,1,1
DA:125,1
DA:128,11
FN:128,LoanVaultBase.outstandingDebt
FNDA:11,LoanVaultBase.outstandingDebt
DA:129,25
BRDA:129,7,0,20
DA:130,20
DA:132,5
FNF:7
FNH:6
LF:36
LH:34
BRF:14
BRH:7
end_of_record
TN:
SF:src/contracts/positionalNft/PositionNFT.sol
DA:15,6
FN:15,PositionNFT.constructor
FNDA:6,PositionNFT.constructor
DA:20,6
DA:21,6
DA:25,5
FN:25,PositionNFT.mint
FNDA:5,PositionNFT.mint
DA:26,5
BRDA:26,0,0,1
BRDA:26,0,1,4
DA:28,4
DA:29,4
DA:30,4
DA:33,2
FN:33,PositionNFT.setVaultController
FNDA:2,PositionNFT.setVaultController
DA:34,1
DA:40,6
FN:40,PositionNFT._update
FNDA:6,PositionNFT._update
DA:45,6
DA:49,6
BRDA:49,1,0,2
DA:50,2
BRDA:50,2,0,1
BRDA:50,2,1,1
DA:53,5
FNF:4
FNH:4
LF:15
LH:15
BRF:5
BRH:5
end_of_record
TN:
SF:src/contracts/vaultController/VaultController.sol
DA:52,16
FN:52,VaultController.constructor
FNDA:16,VaultController.constructor
DA:53,16
DA:56,16
FN:56,VaultController.initialize
FNDA:16,VaultController.initialize
DA:61,16
DA:62,16
DA:63,16
DA:64,16
DA:67,13
FN:67,VaultController.setLoanvaultImplementation
FNDA:13,VaultController.setLoanvaultImplementation
DA:68,13
DA:69,13
DA:74,13
FN:74,VaultController.createVault
FNDA:13,VaultController.createVault
DA:83,13
DA:87,13
DA:88,12
BRDA:88,0,0,-
BRDA:88,0,1,12
DA:92,12
BRDA:92,1,0,-
BRDA:92,1,1,12
DA:97,12
BRDA:97,2,0,-
BRDA:97,2,1,12
DA:98,12
BRDA:98,3,0,-
BRDA:98,3,1,12
DA:102,12
BRDA:102,4,0,-
BRDA:102,4,1,12
DA:106,12
BRDA:106,5,0,1
BRDA:106,5,1,11
DA:109,11
DA:113,11
DA:117,11
BRDA:117,6,0,-
BRDA:117,6,1,11
DA:119,11
DA:132,11
DA:133,11
DA:135,11
DA:137,11
DA:140,13
FN:140,VaultController._validateVaultConfig
FNDA:13,VaultController._validateVaultConfig
DA:141,13
BRDA:141,7,0,-
BRDA:141,7,1,13
DA:142,13
BRDA:142,8,0,-
BRDA:142,8,1,13
DA:143,13
BRDA:143,9,0,-
BRDA:143,9,1,13
DA:144,13
BRDA:144,10,0,1
BRDA:144,10,1,12
DA:148,12
BRDA:148,11,0,-
BRDA:148,11,1,12
DA:152,12
BRDA:152,12,0,-
BRDA:152,12,1,12
DA:153,12
BRDA:153,13,0,-
BRDA:153,13,1,12
DA:154,12
BRDA:154,14,0,-
BRDA:154,14,1,12
DA:155,12
BRDA:155,15,0,-
BRDA:155,15,1,12
DA:161,1
FN:161,VaultController.predictVaultAddress
FNDA:1,VaultController.predictVaultAddress
DA:164,1
BRDA:164,16,0,-
BRDA:164,16,1,1
DA:166,1
DA:169,1
DA:170,1
DA:179,5
FN:179,VaultController.openVault
FNDA:5,VaultController.openVault
DA:180,5
DA:181,5
BRDA:181,17,0,1
BRDA:181,17,1,4
DA:184,4
DA:187,2
FN:187,VaultController.pauseVault
FNDA:2,VaultController.pauseVault
DA:188,2
DA:189,2
BRDA:189,18,0,1
BRDA:189,18,1,1
DA:192,1
DA:193,7
BRDA:193,19,0,7
DA:194,7
DA:195,7
DA:200,2
FN:200,VaultController.unpauseVault
FNDA:2,VaultController.unpauseVault
DA:201,2
DA:202,2
BRDA:202,20,0,1
BRDA:202,20,1,1
DA:205,1
DA:206,7
BRDA:206,21,0,7
DA:207,7
DA:208,7
DA:213,3
FN:213,VaultController.setVaultActionPaused
FNDA:3,VaultController.setVaultActionPaused
DA:218,3
DA:219,3
BRDA:219,22,0,1
BRDA:219,22,1,2
DA:220,2
BRDA:220,23,0,-
BRDA:220,23,1,2
DA:221,2
DA:222,2
DA:227,3
FN:227,VaultController.setCollateralFactor
FNDA:3,VaultController.setCollateralFactor
DA:228,3
DA:229,3
BRDA:229,24,0,1
BRDA:229,24,1,2
DA:230,2
BRDA:230,25,0,1
BRDA:230,25,1,1
DA:234,1
DA:235,1
DA:238,3
FN:238,VaultController.setLiquidationThreshold
FNDA:3,VaultController.setLiquidationThreshold
DA:239,3
DA:240,3
BRDA:240,26,0,1
BRDA:240,26,1,2
DA:241,2
BRDA:241,27,0,1
BRDA:241,27,1,1
DA:245,1
DA:246,1
DA:249,3
FN:249,VaultController.setLiquidationIncentive
FNDA:3,VaultController.setLiquidationIncentive
DA:250,3
DA:251,3
BRDA:251,28,0,1
BRDA:251,28,1,2
DA:252,2
BRDA:252,29,0,1
BRDA:252,29,1,1
DA:253,1
DA:254,1
DA:257,3
FN:257,VaultController.setCloseFactor
FNDA:3,VaultController.setCloseFactor
DA:258,3
DA:259,3
BRDA:259,30,0,1
BRDA:259,30,1,2
DA:260,2
BRDA:260,31,0,1
BRDA:260,31,1,1
DA:264,1
DA:265,1
DA:270,1
FN:270,VaultController.isRegistered
FNDA:1,VaultController.isRegistered
DA:271,1
DA:276,6
FN:276,VaultController.borrowAllowed
FNDA:6,VaultController.borrowAllowed
DA:277,6
DA:278,6
DA:280,5
DA:281,5
DA:282,5
DA:283,5
DA:284,5
DA:286,5
DA:288,5
DA:290,5
DA:292,5
DA:294,5
DA:296,5
DA:298,5
DA:306,5
BRDA:306,32,0,1
BRDA:306,32,1,4
DA:309,3
FN:309,VaultController.withdrawAllowed
FNDA:3,VaultController.withdrawAllowed
DA:313,3
DA:314,3
DA:316,2
DA:317,2
DA:318,2
DA:319,2
DA:320,2
DA:321,2
DA:322,2
DA:325,2
BRDA:325,33,0,-
DA:326,0
DA:329,2
DA:331,2
DA:333,2
DA:335,2
DA:337,2
DA:339,2
DA:341,2
DA:349,2
BRDA:349,34,0,1
BRDA:349,34,1,1
DA:352,8
FN:352,VaultController.depositAllowed
FNDA:8,VaultController.depositAllowed
DA:356,8
DA:357,8
DA:360,7
FN:360,VaultController.supplyDepositAllowed
FNDA:7,VaultController.supplyDepositAllowed
DA:364,7
DA:365,7
DA:368,2
FN:368,VaultController.repayAllowed
FNDA:2,VaultController.repayAllowed
DA:372,2
DA:373,2
DA:376,2
FN:376,VaultController.redeemAllowed
FNDA:2,VaultController.redeemAllowed
DA:380,2
DA:381,2
DA:384,3
FN:384,VaultController.liquidateAllowed
FNDA:3,VaultController.liquidateAllowed
DA:388,3
DA:389,3
DA:391,2
DA:392,2
DA:393,2
DA:394,2
DA:396,2
DA:398,2
DA:400,2
DA:402,2
DA:404,2
DA:406,2
DA:408,2
DA:414,2
BRDA:414,35,0,1
BRDA:414,35,1,1
DA:416,1
DA:417,1
DA:427,31
FN:427,VaultController._checkRegisteredVault
FNDA:31,VaultController._checkRegisteredVault
DA:428,31
BRDA:428,36,0,-
BRDA:428,36,1,31
DA:431,31
FN:431,VaultController._checkActionNotPaused
FNDA:31,VaultController._checkActionNotPaused
DA:435,31
BRDA:435,37,0,8
BRDA:435,37,1,23
FNF:24
FNH:24
LF:161
LH:160
BRF:73
BRH:55
end_of_record
TN:
SF:test/FixedRateLoanVault.test.sol
DA:18,6
FN:18,FixedRateLoanVaultHarness.exposed_checkAndAdvanceState
FNDA:6,FixedRateLoanVaultHarness.exposed_checkAndAdvanceState
DA:19,6
FNF:1
FNH:1
LF:2
LH:2
BRF:0
BRH:0
end_of_record
TN:
SF:test/LiquidationAdapter.test.sol
DA:15,1
FN:15,FalseERC20.setFailTransfer
FNDA:1,FalseERC20.setFailTransfer
DA:16,1
DA:19,1
FN:19,FalseERC20.setFailTransferFrom
FNDA:1,FalseERC20.setFailTransferFrom
DA:20,1
DA:23,1
FN:23,FalseERC20.transfer.0
FNDA:1,FalseERC20.transfer.0
DA:24,1
BRDA:24,0,0,1
DA:25,1
DA:27,0
DA:30,1
FN:30,FalseERC20.transferFrom.0
FNDA:1,FalseERC20.transferFrom.0
DA:31,1
BRDA:31,1,0,1
DA:32,1
DA:34,0
DA:37,0
FN:37,FalseERC20.approve.0
FNDA:0,FalseERC20.approve.0
DA:38,0
DA:45,2
FN:45,FailSecondTransferERC20.transfer.1
FNDA:2,FailSecondTransferERC20.transfer.1
DA:46,2
DA:47,2
BRDA:47,2,0,1
DA:48,1
DA:50,1
DA:53,0
FN:53,FailSecondTransferERC20.transferFrom.1
FNDA:0,FailSecondTransferERC20.transferFrom.1
DA:54,0
DA:57,0
FN:57,FailSecondTransferERC20.approve.1
FNDA:0,FailSecondTransferERC20.approve.1
DA:58,0
DA:67,2
FN:67,MockLiquidationVault.constructor.0
FNDA:2,MockLiquidationVault.constructor.0
DA:68,2
DA:69,2
DA:72,1
FN:72,MockLiquidationVault.setSeizeAmountToReturn.0
FNDA:1,MockLiquidationVault.setSeizeAmountToReturn.0
DA:73,1
DA:76,1
FN:76,MockLiquidationVault.liquidate.0
FNDA:1,MockLiquidationVault.liquidate.0
DA:77,1
DA:78,1
BRDA:78,3,0,-
BRDA:78,3,1,1
DA:80,1
BRDA:80,4,0,1
DA:81,1
DA:82,1
BRDA:82,5,0,-
BRDA:82,5,1,1
DA:84,1
DA:93,3
FN:93,MockLiquidationVaultFalseCollateral.constructor.1
FNDA:3,MockLiquidationVaultFalseCollateral.constructor.1
DA:94,3
DA:95,3
DA:98,3
FN:98,MockLiquidationVaultFalseCollateral.setSeizeAmountToReturn.1
FNDA:3,MockLiquidationVaultFalseCollateral.setSeizeAmountToReturn.1
DA:99,3
DA:102,2
FN:102,MockLiquidationVaultFalseCollateral.liquidate.1
FNDA:2,MockLiquidationVaultFalseCollateral.liquidate.1
DA:104,2
FNF:14
FNH:11
LF:42
LH:34
BRF:8
BRH:6
end_of_record
TN:
SF:test/mocks/MockAccessControlManager.sol
DA:7,57
FN:7,MockAccessControlManager.isAllowedToCall
FNDA:57,MockAccessControlManager.isAllowedToCall
DA:11,57
FNF:1
FNH:1
LF:2
LH:2
BRF:0
BRH:0
end_of_record
TN:
SF:test/mocks/MockERC20.sol
DA:14,118
FN:14,MockERC20.constructor
FNDA:118,MockERC20.constructor
DA:15,118
DA:16,118
DA:19,86
FN:19,MockERC20.mint
FNDA:86,MockERC20.mint
DA:20,86
DA:23,67
FN:23,MockERC20.approve
FNDA:67,MockERC20.approve
DA:24,67
DA:25,67
DA:28,23
FN:28,MockERC20.transfer
FNDA:23,MockERC20.transfer
DA:29,23
BRDA:29,0,0,-
BRDA:29,0,1,23
DA:30,23
DA:31,23
DA:32,23
DA:35,66
FN:35,MockERC20.transferFrom
FNDA:66,MockERC20.transferFrom
DA:40,66
DA:41,66
BRDA:41,1,0,-
BRDA:41,1,1,66
DA:42,66
BRDA:42,2,0,-
BRDA:42,2,1,66
DA:43,66
BRDA:43,3,0,1
DA:44,1
DA:46,66
DA:47,66
DA:48,66
FNF:5
FNH:5
LF:22
LH:22
BRF:7
BRH:4
end_of_record
TN:
SF:test/mocks/MockOracle.sol
DA:9,9
FN:9,MockOracle.setPrice
FNDA:9,MockOracle.setPrice
DA:10,9
DA:13,18
FN:13,MockOracle.getPrice
FNDA:18,MockOracle.getPrice
DA:14,18
FNF:2
FNH:2
LF:4
LH:4
BRF:0
BRH:0
end_of_record
TN:
SF:test/mocks/MockPositionNFT.sol
DA:11,35
FN:11,MockPositionNFT.setOwner
FNDA:35,MockPositionNFT.setOwner
DA:12,35
DA:15,57
FN:15,MockPositionNFT.ownerOf
FNDA:57,MockPositionNFT.ownerOf
DA:16,57
DA:19,11
FN:19,MockPositionNFT.mint
FNDA:11,MockPositionNFT.mint
DA:20,11
DA:21,11
DA:22,11
DA:25,0
FN:25,MockPositionNFT.setVaultController
FNDA:0,MockPositionNFT.setVaultController
DA:26,0
FNF:4
FNH:3
LF:10
LH:8
BRF:0
BRH:0
end_of_record
TN:
SF:test/mocks/MockRiskStateVault.sol
DA:21,0
FN:21,MockRiskStateVault.setAssets
FNDA:0,MockRiskStateVault.setAssets
DA:22,0
DA:23,0
DA:26,0
FN:26,MockRiskStateVault.setRiskConfig
FNDA:0,MockRiskStateVault.setRiskConfig
DA:32,0
DA:40,0
FN:40,MockRiskStateVault.riskConfig
FNDA:0,MockRiskStateVault.riskConfig
DA:50,0
DA:51,0
DA:59,0
FN:59,MockRiskStateVault.setTotals
FNDA:0,MockRiskStateVault.setTotals
DA:66,0
DA:67,0
DA:68,0
DA:69,0
DA:70,0
FNF:4
FNH:0
LF:14
LH:0
BRF:0
BRH:0
end_of_record
TN:
SF:test/mocks/MockVaultController.sol
DA:12,35
FN:12,MockVaultController.constructor
FNDA:35,MockVaultController.constructor
DA:13,35
DA:18,22
FN:18,MockVaultController.supplyDepositAllowed
FNDA:22,MockVaultController.supplyDepositAllowed
DA:23,3
FN:23,MockVaultController.withdrawAllowed
FNDA:3,MockVaultController.withdrawAllowed
DA:28,10
FN:28,MockVaultController.borrowAllowed
FNDA:10,MockVaultController.borrowAllowed
DA:30,30
FN:30,MockVaultController.depositAllowed
FNDA:30,MockVaultController.depositAllowed
DA:35,4
FN:35,MockVaultController.repayAllowed
FNDA:4,MockVaultController.repayAllowed
DA:37,1
FN:37,MockVaultController.redeemAllowed
FNDA:1,MockVaultController.redeemAllowed
DA:41,1
FN:41,MockVaultController.liquidateAllowed
FNDA:1,MockVaultController.liquidateAllowed
DA:45,1
DA:46,1
DA:51,3
FN:51,MockVaultController.protocolTreasury
FNDA:3,MockVaultController.protocolTreasury
DA:52,3
DA:55,1
FN:55,MockVaultController.setSeizeAmountToReturn
FNDA:1,MockVaultController.setSeizeAmountToReturn
DA:56,1
FNF:10
FNH:10
LF:15
LH:15
BRF:0
BRH:0
end_of_record
